{"C:\\Users\\HP\\Documents\\traycer_clone\\server\\api.ts": {"path":"C:\\Users\\HP\\Documents\\traycer_clone\\server\\api.ts","all":false,"statementMap":{"0":{"start":{"line":1,"column":0},"end":{"line":1,"column":3}},"16":{"start":{"line":17,"column":0},"end":{"line":17,"column":22}},"17":{"start":{"line":18,"column":0},"end":{"line":18,"column":74}},"20":{"start":{"line":21,"column":0},"end":{"line":21,"column":14}},"21":{"start":{"line":22,"column":0},"end":{"line":22,"column":33}},"22":{"start":{"line":23,"column":0},"end":{"line":23,"column":4}},"25":{"start":{"line":26,"column":0},"end":{"line":26,"column":29}},"26":{"start":{"line":27,"column":0},"end":{"line":27,"column":123}},"27":{"start":{"line":28,"column":0},"end":{"line":28,"column":28}},"28":{"start":{"line":29,"column":0},"end":{"line":29,"column":9}},"29":{"start":{"line":30,"column":0},"end":{"line":30,"column":3}},"30":{"start":{"line":31,"column":0},"end":{"line":31,"column":72}},"33":{"start":{"line":34,"column":0},"end":{"line":34,"column":29}},"34":{"start":{"line":35,"column":0},"end":{"line":35,"column":33}},"35":{"start":{"line":36,"column":0},"end":{"line":36,"column":36}},"36":{"start":{"line":37,"column":0},"end":{"line":37,"column":34}},"37":{"start":{"line":38,"column":0},"end":{"line":38,"column":30}},"40":{"start":{"line":41,"column":0},"end":{"line":41,"column":96}},"41":{"start":{"line":42,"column":0},"end":{"line":42,"column":47}},"42":{"start":{"line":43,"column":0},"end":{"line":43,"column":88}},"43":{"start":{"line":44,"column":0},"end":{"line":44,"column":3}},"51":{"start":{"line":52,"column":0},"end":{"line":52,"column":44}},"52":{"start":{"line":53,"column":0},"end":{"line":53,"column":7}},"53":{"start":{"line":54,"column":0},"end":{"line":54,"column":48}},"54":{"start":{"line":55,"column":0},"end":{"line":55,"column":56}},"55":{"start":{"line":56,"column":0},"end":{"line":56,"column":55}},"56":{"start":{"line":57,"column":0},"end":{"line":57,"column":31}},"57":{"start":{"line":58,"column":0},"end":{"line":58,"column":7}},"59":{"start":{"line":60,"column":0},"end":{"line":60,"column":14}},"60":{"start":{"line":61,"column":0},"end":{"line":61,"column":23}},"61":{"start":{"line":62,"column":0},"end":{"line":62,"column":31}},"62":{"start":{"line":63,"column":0},"end":{"line":63,"column":30}},"63":{"start":{"line":64,"column":0},"end":{"line":64,"column":45}},"64":{"start":{"line":65,"column":0},"end":{"line":65,"column":7}},"65":{"start":{"line":66,"column":0},"end":{"line":66,"column":19}},"66":{"start":{"line":67,"column":0},"end":{"line":67,"column":77}},"67":{"start":{"line":68,"column":0},"end":{"line":68,"column":45}},"68":{"start":{"line":69,"column":0},"end":{"line":69,"column":3}},"69":{"start":{"line":70,"column":0},"end":{"line":70,"column":3}},"77":{"start":{"line":78,"column":0},"end":{"line":78,"column":51}},"78":{"start":{"line":79,"column":0},"end":{"line":79,"column":45}},"80":{"start":{"line":81,"column":0},"end":{"line":81,"column":24}},"81":{"start":{"line":82,"column":0},"end":{"line":82,"column":38}},"84":{"start":{"line":85,"column":0},"end":{"line":85,"column":66}},"87":{"start":{"line":88,"column":0},"end":{"line":88,"column":25}},"88":{"start":{"line":89,"column":0},"end":{"line":89,"column":33}},"89":{"start":{"line":90,"column":0},"end":{"line":90,"column":5}},"90":{"start":{"line":91,"column":0},"end":{"line":91,"column":3}},"94":{"start":{"line":95,"column":0},"end":{"line":95,"column":34}},"95":{"start":{"line":96,"column":0},"end":{"line":96,"column":66}},"96":{"start":{"line":97,"column":0},"end":{"line":97,"column":3}},"103":{"start":{"line":104,"column":0},"end":{"line":104,"column":31}},"105":{"start":{"line":106,"column":0},"end":{"line":106,"column":35}},"107":{"start":{"line":108,"column":0},"end":{"line":108,"column":62}},"108":{"start":{"line":109,"column":0},"end":{"line":109,"column":28}},"109":{"start":{"line":110,"column":0},"end":{"line":110,"column":5}},"110":{"start":{"line":111,"column":0},"end":{"line":111,"column":26}},"111":{"start":{"line":112,"column":0},"end":{"line":112,"column":35}},"112":{"start":{"line":113,"column":0},"end":{"line":113,"column":13}},"113":{"start":{"line":114,"column":0},"end":{"line":114,"column":22}},"114":{"start":{"line":115,"column":0},"end":{"line":115,"column":34}},"115":{"start":{"line":116,"column":0},"end":{"line":116,"column":63}},"116":{"start":{"line":117,"column":0},"end":{"line":117,"column":7}},"117":{"start":{"line":118,"column":0},"end":{"line":118,"column":7}},"118":{"start":{"line":119,"column":0},"end":{"line":119,"column":64}},"119":{"start":{"line":120,"column":0},"end":{"line":120,"column":3}},"120":{"start":{"line":121,"column":0},"end":{"line":121,"column":1}},"129":{"start":{"line":130,"column":0},"end":{"line":130,"column":46}},"131":{"start":{"line":132,"column":0},"end":{"line":132,"column":38}},"132":{"start":{"line":133,"column":0},"end":{"line":133,"column":16}},"133":{"start":{"line":134,"column":0},"end":{"line":134,"column":17}},"134":{"start":{"line":135,"column":0},"end":{"line":135,"column":46}},"135":{"start":{"line":136,"column":0},"end":{"line":136,"column":45}},"136":{"start":{"line":137,"column":0},"end":{"line":137,"column":52}},"137":{"start":{"line":138,"column":0},"end":{"line":138,"column":86}},"138":{"start":{"line":139,"column":0},"end":{"line":139,"column":9}},"139":{"start":{"line":140,"column":0},"end":{"line":140,"column":6}},"140":{"start":{"line":141,"column":0},"end":{"line":141,"column":23}},"141":{"start":{"line":142,"column":0},"end":{"line":142,"column":92}},"142":{"start":{"line":143,"column":0},"end":{"line":143,"column":22}},"143":{"start":{"line":144,"column":0},"end":{"line":144,"column":7}},"144":{"start":{"line":145,"column":0},"end":{"line":145,"column":1}}},"s":{"0":1,"16":1,"17":1,"20":1,"21":1,"22":1,"25":1,"26":27,"27":27,"28":27,"29":27,"30":1,"33":1,"34":1,"35":1,"36":1,"37":1,"40":1,"41":0,"42":0,"43":0,"51":1,"52":1,"53":1,"54":1,"55":1,"56":1,"57":1,"59":1,"60":1,"61":1,"62":1,"63":1,"64":1,"65":1,"66":0,"67":0,"68":0,"69":1,"77":1,"78":0,"80":0,"81":0,"84":0,"87":0,"88":0,"89":0,"90":0,"94":1,"95":1,"96":1,"103":0,"105":0,"107":0,"108":0,"109":0,"110":0,"111":0,"112":0,"113":0,"114":0,"115":0,"116":0,"117":0,"118":0,"119":0,"120":0,"129":1,"131":1,"132":0,"133":0,"134":0,"135":0,"136":0,"137":0,"138":0,"139":0,"140":0,"141":0,"142":0,"143":0,"144":0},"branchMap":{"0":{"type":"branch","line":18,"loc":{"start":{"line":18,"column":65},"end":{"line":18,"column":74}},"locations":[{"start":{"line":18,"column":65},"end":{"line":18,"column":74}}]},"1":{"type":"branch","line":132,"loc":{"start":{"line":132,"column":37},"end":{"line":145,"column":1}},"locations":[{"start":{"line":132,"column":37},"end":{"line":145,"column":1}}]},"2":{"type":"branch","line":26,"loc":{"start":{"line":26,"column":8},"end":{"line":30,"column":3}},"locations":[{"start":{"line":26,"column":8},"end":{"line":30,"column":3}}]},"3":{"type":"branch","line":27,"loc":{"start":{"line":27,"column":32},"end":{"line":27,"column":96}},"locations":[{"start":{"line":27,"column":32},"end":{"line":27,"column":96}}]},"4":{"type":"branch","line":52,"loc":{"start":{"line":52,"column":23},"end":{"line":70,"column":3}},"locations":[{"start":{"line":52,"column":23},"end":{"line":70,"column":3}}]},"5":{"type":"branch","line":66,"loc":{"start":{"line":66,"column":2},"end":{"line":69,"column":3}},"locations":[{"start":{"line":66,"column":2},"end":{"line":69,"column":3}}]},"6":{"type":"branch","line":95,"loc":{"start":{"line":95,"column":19},"end":{"line":97,"column":3}},"locations":[{"start":{"line":95,"column":19},"end":{"line":97,"column":3}}]}},"b":{"0":[0],"1":[0],"2":[27],"3":[0],"4":[1],"5":[0],"6":[1]},"fnMap":{"0":{"name":"initDatabase","decl":{"start":{"line":104,"column":0},"end":{"line":121,"column":1}},"loc":{"start":{"line":104,"column":0},"end":{"line":121,"column":1}},"line":104}},"f":{"0":0}}
,"C:\\Users\\HP\\Documents\\traycer_clone\\server\\sse.ts": {"path":"C:\\Users\\HP\\Documents\\traycer_clone\\server\\sse.ts","all":false,"statementMap":{"7":{"start":{"line":8,"column":0},"end":{"line":8,"column":47}},"14":{"start":{"line":15,"column":0},"end":{"line":15,"column":68}},"15":{"start":{"line":16,"column":0},"end":{"line":16,"column":45}},"16":{"start":{"line":17,"column":0},"end":{"line":17,"column":15}},"17":{"start":{"line":18,"column":0},"end":{"line":18,"column":54}},"18":{"start":{"line":19,"column":0},"end":{"line":19,"column":3}},"19":{"start":{"line":20,"column":0},"end":{"line":20,"column":1}},"26":{"start":{"line":27,"column":0},"end":{"line":27,"column":77}},"27":{"start":{"line":28,"column":0},"end":{"line":28,"column":35}},"28":{"start":{"line":29,"column":0},"end":{"line":29,"column":1}},"34":{"start":{"line":35,"column":0},"end":{"line":35,"column":60}},"35":{"start":{"line":36,"column":0},"end":{"line":36,"column":45}},"36":{"start":{"line":37,"column":0},"end":{"line":37,"column":15}},"37":{"start":{"line":38,"column":0},"end":{"line":38,"column":17}},"38":{"start":{"line":39,"column":0},"end":{"line":39,"column":35}},"39":{"start":{"line":40,"column":0},"end":{"line":40,"column":3}},"40":{"start":{"line":41,"column":0},"end":{"line":41,"column":1}},"46":{"start":{"line":47,"column":0},"end":{"line":47,"column":55}},"47":{"start":{"line":48,"column":0},"end":{"line":48,"column":53}},"48":{"start":{"line":49,"column":0},"end":{"line":49,"column":45}},"49":{"start":{"line":50,"column":0},"end":{"line":50,"column":44}},"50":{"start":{"line":51,"column":0},"end":{"line":51,"column":1}}},"s":{"7":1,"14":1,"15":2,"16":2,"17":1,"18":1,"19":2,"26":1,"27":1,"28":1,"34":1,"35":1,"36":1,"37":1,"38":1,"39":1,"40":1,"46":1,"47":1,"48":1,"49":1,"50":1},"branchMap":{"0":{"type":"branch","line":15,"loc":{"start":{"line":15,"column":7},"end":{"line":20,"column":1}},"locations":[{"start":{"line":15,"column":7},"end":{"line":20,"column":1}}]},"1":{"type":"branch","line":17,"loc":{"start":{"line":17,"column":14},"end":{"line":19,"column":3}},"locations":[{"start":{"line":17,"column":14},"end":{"line":19,"column":3}}]},"2":{"type":"branch","line":27,"loc":{"start":{"line":27,"column":7},"end":{"line":29,"column":1}},"locations":[{"start":{"line":27,"column":7},"end":{"line":29,"column":1}}]},"3":{"type":"branch","line":35,"loc":{"start":{"line":35,"column":7},"end":{"line":41,"column":1}},"locations":[{"start":{"line":35,"column":7},"end":{"line":41,"column":1}}]},"4":{"type":"branch","line":47,"loc":{"start":{"line":47,"column":7},"end":{"line":51,"column":1}},"locations":[{"start":{"line":47,"column":7},"end":{"line":51,"column":1}}]}},"b":{"0":[2],"1":[1],"2":[1],"3":[1],"4":[1]},"fnMap":{"0":{"name":"sendProgress","decl":{"start":{"line":15,"column":7},"end":{"line":20,"column":1}},"loc":{"start":{"line":15,"column":7},"end":{"line":20,"column":1}},"line":15},"1":{"name":"registerSSEClient","decl":{"start":{"line":27,"column":7},"end":{"line":29,"column":1}},"loc":{"start":{"line":27,"column":7},"end":{"line":29,"column":1}},"line":27},"2":{"name":"removeSSEClient","decl":{"start":{"line":35,"column":7},"end":{"line":41,"column":1}},"loc":{"start":{"line":35,"column":7},"end":{"line":41,"column":1}},"line":35},"3":{"name":"setupSSEResponse","decl":{"start":{"line":47,"column":7},"end":{"line":51,"column":1}},"loc":{"start":{"line":47,"column":7},"end":{"line":51,"column":1}},"line":47}},"f":{"0":2,"1":1,"2":1,"3":1}}
,"C:\\Users\\HP\\Documents\\traycer_clone\\server\\terminalPty.ts": {"path":"C:\\Users\\HP\\Documents\\traycer_clone\\server\\terminalPty.ts","all":false,"statementMap":{"0":{"start":{"line":1,"column":0},"end":{"line":1,"column":44}},"9":{"start":{"line":10,"column":0},"end":{"line":10,"column":52}},"10":{"start":{"line":11,"column":0},"end":{"line":11,"column":59}},"11":{"start":{"line":12,"column":0},"end":{"line":12,"column":126}},"12":{"start":{"line":13,"column":0},"end":{"line":13,"column":36}},"13":{"start":{"line":14,"column":0},"end":{"line":14,"column":20}},"14":{"start":{"line":15,"column":0},"end":{"line":15,"column":3}},"15":{"start":{"line":16,"column":0},"end":{"line":16,"column":30}},"16":{"start":{"line":17,"column":0},"end":{"line":17,"column":30}},"17":{"start":{"line":18,"column":0},"end":{"line":18,"column":13}},"18":{"start":{"line":19,"column":0},"end":{"line":19,"column":1}},"23":{"start":{"line":24,"column":0},"end":{"line":24,"column":77}},"24":{"start":{"line":25,"column":0},"end":{"line":25,"column":54}},"26":{"start":{"line":27,"column":0},"end":{"line":27,"column":51}},"27":{"start":{"line":28,"column":0},"end":{"line":28,"column":34}},"28":{"start":{"line":29,"column":0},"end":{"line":29,"column":39}},"29":{"start":{"line":30,"column":0},"end":{"line":30,"column":56}},"30":{"start":{"line":31,"column":0},"end":{"line":31,"column":44}},"31":{"start":{"line":32,"column":0},"end":{"line":32,"column":9}},"32":{"start":{"line":33,"column":0},"end":{"line":33,"column":5}},"33":{"start":{"line":34,"column":0},"end":{"line":34,"column":5}},"35":{"start":{"line":36,"column":0},"end":{"line":36,"column":52}},"36":{"start":{"line":37,"column":0},"end":{"line":37,"column":34}},"37":{"start":{"line":38,"column":0},"end":{"line":38,"column":43}},"40":{"start":{"line":41,"column":0},"end":{"line":41,"column":74}},"41":{"start":{"line":42,"column":0},"end":{"line":42,"column":36}},"42":{"start":{"line":43,"column":0},"end":{"line":43,"column":34}},"43":{"start":{"line":44,"column":0},"end":{"line":44,"column":12}},"44":{"start":{"line":45,"column":0},"end":{"line":45,"column":54}},"45":{"start":{"line":46,"column":0},"end":{"line":46,"column":61}},"46":{"start":{"line":47,"column":0},"end":{"line":47,"column":5}},"48":{"start":{"line":49,"column":0},"end":{"line":49,"column":33}},"49":{"start":{"line":50,"column":0},"end":{"line":50,"column":53}},"50":{"start":{"line":51,"column":0},"end":{"line":51,"column":63}},"51":{"start":{"line":52,"column":0},"end":{"line":52,"column":35}},"52":{"start":{"line":53,"column":0},"end":{"line":53,"column":30}},"53":{"start":{"line":54,"column":0},"end":{"line":54,"column":7}},"54":{"start":{"line":55,"column":0},"end":{"line":55,"column":5}},"57":{"start":{"line":58,"column":0},"end":{"line":58,"column":51}},"58":{"start":{"line":59,"column":0},"end":{"line":59,"column":104}},"59":{"start":{"line":60,"column":0},"end":{"line":60,"column":41}},"61":{"start":{"line":62,"column":0},"end":{"line":62,"column":43}},"62":{"start":{"line":63,"column":0},"end":{"line":63,"column":9}},"63":{"start":{"line":64,"column":0},"end":{"line":64,"column":43}},"64":{"start":{"line":65,"column":0},"end":{"line":65,"column":31}},"65":{"start":{"line":66,"column":0},"end":{"line":66,"column":17}},"66":{"start":{"line":67,"column":0},"end":{"line":67,"column":17}},"67":{"start":{"line":68,"column":0},"end":{"line":68,"column":22}},"68":{"start":{"line":69,"column":0},"end":{"line":69,"column":31}},"69":{"start":{"line":70,"column":0},"end":{"line":70,"column":9}},"70":{"start":{"line":71,"column":0},"end":{"line":71,"column":24}},"71":{"start":{"line":72,"column":0},"end":{"line":72,"column":55}},"72":{"start":{"line":73,"column":0},"end":{"line":73,"column":71}},"73":{"start":{"line":74,"column":0},"end":{"line":74,"column":17}},"74":{"start":{"line":75,"column":0},"end":{"line":75,"column":13}},"75":{"start":{"line":76,"column":0},"end":{"line":76,"column":5}},"78":{"start":{"line":79,"column":0},"end":{"line":79,"column":105}},"81":{"start":{"line":82,"column":0},"end":{"line":82,"column":57}},"82":{"start":{"line":83,"column":0},"end":{"line":83,"column":45}},"83":{"start":{"line":84,"column":0},"end":{"line":84,"column":22}},"84":{"start":{"line":85,"column":0},"end":{"line":85,"column":7}},"85":{"start":{"line":86,"column":0},"end":{"line":86,"column":7}},"87":{"start":{"line":88,"column":0},"end":{"line":88,"column":73}},"88":{"start":{"line":89,"column":0},"end":{"line":89,"column":45}},"89":{"start":{"line":90,"column":0},"end":{"line":90,"column":102}},"90":{"start":{"line":91,"column":0},"end":{"line":91,"column":19}},"91":{"start":{"line":92,"column":0},"end":{"line":92,"column":7}},"92":{"start":{"line":93,"column":0},"end":{"line":93,"column":7}},"95":{"start":{"line":96,"column":0},"end":{"line":96,"column":52}},"96":{"start":{"line":97,"column":0},"end":{"line":97,"column":30}},"97":{"start":{"line":98,"column":0},"end":{"line":98,"column":37}},"100":{"start":{"line":101,"column":0},"end":{"line":101,"column":53}},"101":{"start":{"line":102,"column":0},"end":{"line":102,"column":13}},"102":{"start":{"line":103,"column":0},"end":{"line":103,"column":42}},"103":{"start":{"line":104,"column":0},"end":{"line":104,"column":74}},"104":{"start":{"line":105,"column":0},"end":{"line":105,"column":58}},"105":{"start":{"line":106,"column":0},"end":{"line":106,"column":19}},"106":{"start":{"line":107,"column":0},"end":{"line":107,"column":11}},"107":{"start":{"line":108,"column":0},"end":{"line":108,"column":57}},"108":{"start":{"line":109,"column":0},"end":{"line":109,"column":43}},"109":{"start":{"line":110,"column":0},"end":{"line":110,"column":19}},"110":{"start":{"line":111,"column":0},"end":{"line":111,"column":11}},"111":{"start":{"line":112,"column":0},"end":{"line":112,"column":17}},"113":{"start":{"line":114,"column":0},"end":{"line":114,"column":9}},"114":{"start":{"line":115,"column":0},"end":{"line":115,"column":7}},"116":{"start":{"line":117,"column":0},"end":{"line":117,"column":28}},"117":{"start":{"line":118,"column":0},"end":{"line":118,"column":7}},"120":{"start":{"line":121,"column":0},"end":{"line":121,"column":26}},"121":{"start":{"line":122,"column":0},"end":{"line":122,"column":23}},"122":{"start":{"line":123,"column":0},"end":{"line":123,"column":13}},"123":{"start":{"line":124,"column":0},"end":{"line":124,"column":36}},"124":{"start":{"line":125,"column":0},"end":{"line":125,"column":36}},"125":{"start":{"line":126,"column":0},"end":{"line":126,"column":28}},"126":{"start":{"line":127,"column":0},"end":{"line":127,"column":18}},"127":{"start":{"line":128,"column":0},"end":{"line":128,"column":7}},"128":{"start":{"line":129,"column":0},"end":{"line":129,"column":7}},"129":{"start":{"line":130,"column":0},"end":{"line":130,"column":5}},"131":{"start":{"line":132,"column":0},"end":{"line":132,"column":13}},"132":{"start":{"line":133,"column":0},"end":{"line":133,"column":1}}},"s":{"0":1,"9":0,"10":0,"11":0,"12":0,"13":0,"14":0,"15":0,"16":0,"17":0,"18":0,"23":1,"24":0,"26":0,"27":0,"28":0,"29":0,"30":0,"31":0,"32":0,"33":0,"35":0,"36":0,"37":0,"40":0,"41":0,"42":0,"43":0,"44":0,"45":0,"46":0,"48":0,"49":0,"50":0,"51":0,"52":0,"53":0,"54":0,"57":0,"58":0,"59":0,"61":0,"62":0,"63":0,"64":0,"65":0,"66":0,"67":0,"68":0,"69":0,"70":0,"71":0,"72":0,"73":0,"74":0,"75":0,"78":0,"81":0,"82":0,"83":0,"84":0,"85":0,"87":0,"88":0,"89":0,"90":0,"91":0,"92":0,"95":0,"96":0,"97":0,"100":0,"101":0,"102":0,"103":0,"104":0,"105":0,"106":0,"107":0,"108":0,"109":0,"110":0,"111":0,"113":0,"114":0,"116":0,"117":0,"120":0,"121":0,"122":0,"123":0,"124":0,"125":0,"126":0,"127":0,"128":0,"129":0,"131":0,"132":0},"branchMap":{},"b":{},"fnMap":{"0":{"name":"getSanitizedEnv","decl":{"start":{"line":10,"column":0},"end":{"line":19,"column":1}},"loc":{"start":{"line":10,"column":0},"end":{"line":19,"column":1}},"line":10},"1":{"name":"setupTerminalWebSocket","decl":{"start":{"line":24,"column":7},"end":{"line":133,"column":1}},"loc":{"start":{"line":24,"column":7},"end":{"line":133,"column":1}},"line":24}},"f":{"0":0,"1":0}}
,"C:\\Users\\HP\\Documents\\traycer_clone\\server\\routes\\plans.ts": {"path":"C:\\Users\\HP\\Documents\\traycer_clone\\server\\routes\\plans.ts","all":false,"statementMap":{"0":{"start":{"line":1,"column":0},"end":{"line":1,"column":25}},"5":{"start":{"line":6,"column":0},"end":{"line":6,"column":52}},"6":{"start":{"line":7,"column":0},"end":{"line":7,"column":50}},"7":{"start":{"line":8,"column":0},"end":{"line":8,"column":58}},"8":{"start":{"line":9,"column":0},"end":{"line":9,"column":58}},"9":{"start":{"line":10,"column":0},"end":{"line":10,"column":28}},"10":{"start":{"line":11,"column":0},"end":{"line":11,"column":81}},"11":{"start":{"line":12,"column":0},"end":{"line":12,"column":37}},"13":{"start":{"line":14,"column":0},"end":{"line":14,"column":24}},"18":{"start":{"line":19,"column":0},"end":{"line":19,"column":35}},"19":{"start":{"line":20,"column":0},"end":{"line":20,"column":27}},"20":{"start":{"line":21,"column":0},"end":{"line":21,"column":10}},"21":{"start":{"line":22,"column":0},"end":{"line":22,"column":14}},"22":{"start":{"line":23,"column":0},"end":{"line":23,"column":56}},"23":{"start":{"line":24,"column":0},"end":{"line":24,"column":80}},"24":{"start":{"line":25,"column":0},"end":{"line":25,"column":93}},"25":{"start":{"line":26,"column":0},"end":{"line":26,"column":93}},"26":{"start":{"line":27,"column":0},"end":{"line":27,"column":4}},"27":{"start":{"line":28,"column":0},"end":{"line":28,"column":1}},"33":{"start":{"line":34,"column":0},"end":{"line":34,"column":61}},"34":{"start":{"line":35,"column":0},"end":{"line":35,"column":7}},"35":{"start":{"line":36,"column":0},"end":{"line":36,"column":90}},"37":{"start":{"line":38,"column":0},"end":{"line":38,"column":27}},"38":{"start":{"line":39,"column":0},"end":{"line":39,"column":76}},"39":{"start":{"line":40,"column":0},"end":{"line":40,"column":5}},"41":{"start":{"line":42,"column":0},"end":{"line":42,"column":45}},"42":{"start":{"line":43,"column":0},"end":{"line":43,"column":93}},"45":{"start":{"line":46,"column":0},"end":{"line":46,"column":78}},"48":{"start":{"line":49,"column":0},"end":{"line":49,"column":45}},"49":{"start":{"line":50,"column":0},"end":{"line":50,"column":13}},"50":{"start":{"line":51,"column":0},"end":{"line":51,"column":20}},"51":{"start":{"line":52,"column":0},"end":{"line":52,"column":79}},"52":{"start":{"line":53,"column":0},"end":{"line":53,"column":32}},"53":{"start":{"line":54,"column":0},"end":{"line":54,"column":41}},"54":{"start":{"line":55,"column":0},"end":{"line":55,"column":42}},"55":{"start":{"line":56,"column":0},"end":{"line":56,"column":58}},"56":{"start":{"line":57,"column":0},"end":{"line":57,"column":34}},"57":{"start":{"line":58,"column":0},"end":{"line":58,"column":92}},"58":{"start":{"line":59,"column":0},"end":{"line":59,"column":92}},"59":{"start":{"line":60,"column":0},"end":{"line":60,"column":7}},"60":{"start":{"line":61,"column":0},"end":{"line":61,"column":7}},"62":{"start":{"line":63,"column":0},"end":{"line":63,"column":43}},"64":{"start":{"line":65,"column":0},"end":{"line":65,"column":22}},"66":{"start":{"line":67,"column":0},"end":{"line":67,"column":72}},"67":{"start":{"line":68,"column":0},"end":{"line":68,"column":35}},"68":{"start":{"line":69,"column":0},"end":{"line":69,"column":50}},"69":{"start":{"line":70,"column":0},"end":{"line":70,"column":12}},"70":{"start":{"line":71,"column":0},"end":{"line":71,"column":27}},"71":{"start":{"line":72,"column":0},"end":{"line":72,"column":5}},"72":{"start":{"line":73,"column":0},"end":{"line":73,"column":19}},"73":{"start":{"line":74,"column":0},"end":{"line":74,"column":77}},"74":{"start":{"line":75,"column":0},"end":{"line":75,"column":31}},"75":{"start":{"line":76,"column":0},"end":{"line":76,"column":76}},"76":{"start":{"line":77,"column":0},"end":{"line":77,"column":44}},"77":{"start":{"line":78,"column":0},"end":{"line":78,"column":5}},"78":{"start":{"line":79,"column":0},"end":{"line":79,"column":45}},"79":{"start":{"line":80,"column":0},"end":{"line":80,"column":3}},"80":{"start":{"line":81,"column":0},"end":{"line":81,"column":3}},"86":{"start":{"line":87,"column":0},"end":{"line":87,"column":61}},"87":{"start":{"line":88,"column":0},"end":{"line":88,"column":7}},"88":{"start":{"line":89,"column":0},"end":{"line":89,"column":81}},"89":{"start":{"line":90,"column":0},"end":{"line":90,"column":37}},"90":{"start":{"line":91,"column":0},"end":{"line":91,"column":19}},"91":{"start":{"line":92,"column":0},"end":{"line":92,"column":77}},"92":{"start":{"line":93,"column":0},"end":{"line":93,"column":45}},"93":{"start":{"line":94,"column":0},"end":{"line":94,"column":3}},"94":{"start":{"line":95,"column":0},"end":{"line":95,"column":3}},"100":{"start":{"line":101,"column":0},"end":{"line":101,"column":65}},"101":{"start":{"line":102,"column":0},"end":{"line":102,"column":7}},"102":{"start":{"line":103,"column":0},"end":{"line":103,"column":80}},"103":{"start":{"line":104,"column":0},"end":{"line":104,"column":16}},"104":{"start":{"line":105,"column":0},"end":{"line":105,"column":63}},"105":{"start":{"line":106,"column":0},"end":{"line":106,"column":5}},"106":{"start":{"line":107,"column":0},"end":{"line":107,"column":32}},"107":{"start":{"line":108,"column":0},"end":{"line":108,"column":19}},"108":{"start":{"line":109,"column":0},"end":{"line":109,"column":77}},"109":{"start":{"line":110,"column":0},"end":{"line":110,"column":45}},"110":{"start":{"line":111,"column":0},"end":{"line":111,"column":3}},"111":{"start":{"line":112,"column":0},"end":{"line":112,"column":3}},"117":{"start":{"line":118,"column":0},"end":{"line":118,"column":68}},"118":{"start":{"line":119,"column":0},"end":{"line":119,"column":7}},"119":{"start":{"line":120,"column":0},"end":{"line":120,"column":30}},"122":{"start":{"line":123,"column":0},"end":{"line":123,"column":9}},"123":{"start":{"line":124,"column":0},"end":{"line":124,"column":50}},"124":{"start":{"line":125,"column":0},"end":{"line":125,"column":23}},"125":{"start":{"line":126,"column":0},"end":{"line":126,"column":33}},"126":{"start":{"line":127,"column":0},"end":{"line":127,"column":65}},"127":{"start":{"line":128,"column":0},"end":{"line":128,"column":7}},"128":{"start":{"line":129,"column":0},"end":{"line":129,"column":16}},"129":{"start":{"line":130,"column":0},"end":{"line":130,"column":5}},"132":{"start":{"line":133,"column":0},"end":{"line":133,"column":9}},"133":{"start":{"line":134,"column":0},"end":{"line":134,"column":57}},"134":{"start":{"line":135,"column":0},"end":{"line":135,"column":33}},"135":{"start":{"line":136,"column":0},"end":{"line":136,"column":14}},"138":{"start":{"line":139,"column":0},"end":{"line":139,"column":9}},"139":{"start":{"line":140,"column":0},"end":{"line":140,"column":101}},"140":{"start":{"line":141,"column":0},"end":{"line":141,"column":11}},"141":{"start":{"line":142,"column":0},"end":{"line":142,"column":73}},"142":{"start":{"line":143,"column":0},"end":{"line":143,"column":45}},"143":{"start":{"line":144,"column":0},"end":{"line":144,"column":16}},"145":{"start":{"line":146,"column":0},"end":{"line":146,"column":71}},"146":{"start":{"line":147,"column":0},"end":{"line":147,"column":72}},"149":{"start":{"line":150,"column":0},"end":{"line":150,"column":45}},"150":{"start":{"line":151,"column":0},"end":{"line":151,"column":13}},"151":{"start":{"line":152,"column":0},"end":{"line":152,"column":72}},"152":{"start":{"line":153,"column":0},"end":{"line":153,"column":41}},"153":{"start":{"line":154,"column":0},"end":{"line":154,"column":18}},"154":{"start":{"line":155,"column":0},"end":{"line":155,"column":7}},"157":{"start":{"line":158,"column":0},"end":{"line":158,"column":96}},"158":{"start":{"line":159,"column":0},"end":{"line":159,"column":17}},"159":{"start":{"line":160,"column":0},"end":{"line":160,"column":74}},"160":{"start":{"line":161,"column":0},"end":{"line":161,"column":5}},"162":{"start":{"line":163,"column":0},"end":{"line":163,"column":36}},"163":{"start":{"line":164,"column":0},"end":{"line":164,"column":19}},"164":{"start":{"line":165,"column":0},"end":{"line":165,"column":77}},"165":{"start":{"line":166,"column":0},"end":{"line":166,"column":45}},"166":{"start":{"line":167,"column":0},"end":{"line":167,"column":3}},"167":{"start":{"line":168,"column":0},"end":{"line":168,"column":3}},"169":{"start":{"line":170,"column":0},"end":{"line":170,"column":22}}},"s":{"0":1,"5":1,"6":1,"7":1,"8":1,"9":1,"10":1,"11":1,"13":1,"18":3,"19":3,"20":3,"21":3,"22":3,"23":3,"24":3,"25":3,"26":3,"27":3,"33":1,"34":2,"35":2,"37":2,"38":2,"39":2,"41":0,"42":2,"45":2,"48":0,"49":0,"50":0,"51":0,"52":0,"53":0,"54":0,"55":0,"56":0,"57":2,"58":2,"59":2,"60":2,"62":0,"64":0,"66":0,"67":0,"68":0,"69":0,"70":0,"71":0,"72":2,"73":0,"74":0,"75":0,"76":0,"77":0,"78":0,"79":0,"80":2,"86":1,"87":1,"88":1,"89":1,"90":1,"91":0,"92":0,"93":0,"94":1,"100":1,"101":1,"102":1,"103":1,"104":1,"105":1,"106":0,"107":0,"108":0,"109":0,"110":0,"111":1,"117":1,"118":0,"119":0,"122":0,"123":0,"124":0,"125":0,"126":0,"127":0,"128":0,"129":0,"132":0,"133":0,"134":0,"135":0,"138":0,"139":0,"140":0,"141":0,"142":0,"143":0,"145":0,"146":0,"149":0,"150":0,"151":0,"152":0,"153":0,"154":0,"157":0,"158":0,"159":0,"160":0,"162":0,"163":0,"164":0,"165":0,"166":0,"167":0,"169":1},"branchMap":{"0":{"type":"branch","line":19,"loc":{"start":{"line":19,"column":0},"end":{"line":28,"column":1}},"locations":[{"start":{"line":19,"column":0},"end":{"line":28,"column":1}}]},"1":{"type":"branch","line":20,"loc":{"start":{"line":20,"column":15},"end":{"line":20,"column":27}},"locations":[{"start":{"line":20,"column":15},"end":{"line":20,"column":27}}]},"2":{"type":"branch","line":23,"loc":{"start":{"line":23,"column":49},"end":{"line":23,"column":56}},"locations":[{"start":{"line":23,"column":49},"end":{"line":23,"column":56}}]},"3":{"type":"branch","line":24,"loc":{"start":{"line":24,"column":73},"end":{"line":24,"column":80}},"locations":[{"start":{"line":24,"column":73},"end":{"line":24,"column":80}}]},"4":{"type":"branch","line":25,"loc":{"start":{"line":25,"column":79},"end":{"line":25,"column":93}},"locations":[{"start":{"line":25,"column":79},"end":{"line":25,"column":93}}]},"5":{"type":"branch","line":26,"loc":{"start":{"line":26,"column":79},"end":{"line":26,"column":93}},"locations":[{"start":{"line":26,"column":79},"end":{"line":26,"column":93}}]},"6":{"type":"branch","line":34,"loc":{"start":{"line":34,"column":21},"end":{"line":81,"column":3}},"locations":[{"start":{"line":34,"column":21},"end":{"line":81,"column":3}}]},"7":{"type":"branch","line":40,"loc":{"start":{"line":40,"column":4},"end":{"line":43,"column":79}},"locations":[{"start":{"line":40,"column":4},"end":{"line":43,"column":79}}]},"8":{"type":"branch","line":43,"loc":{"start":{"line":43,"column":75},"end":{"line":43,"column":93}},"locations":[{"start":{"line":43,"column":75},"end":{"line":43,"column":93}}]},"9":{"type":"branch","line":46,"loc":{"start":{"line":46,"column":76},"end":{"line":58,"column":87}},"locations":[{"start":{"line":46,"column":76},"end":{"line":58,"column":87}}]},"10":{"type":"branch","line":58,"loc":{"start":{"line":58,"column":83},"end":{"line":58,"column":92}},"locations":[{"start":{"line":58,"column":83},"end":{"line":58,"column":92}}]},"11":{"type":"branch","line":59,"loc":{"start":{"line":59,"column":30},"end":{"line":59,"column":87}},"locations":[{"start":{"line":59,"column":30},"end":{"line":59,"column":87}}]},"12":{"type":"branch","line":59,"loc":{"start":{"line":59,"column":83},"end":{"line":59,"column":92}},"locations":[{"start":{"line":59,"column":83},"end":{"line":59,"column":92}}]},"13":{"type":"branch","line":61,"loc":{"start":{"line":61,"column":5},"end":{"line":72,"column":5}},"locations":[{"start":{"line":61,"column":5},"end":{"line":72,"column":5}}]},"14":{"type":"branch","line":73,"loc":{"start":{"line":73,"column":2},"end":{"line":80,"column":3}},"locations":[{"start":{"line":73,"column":2},"end":{"line":80,"column":3}}]},"15":{"type":"branch","line":87,"loc":{"start":{"line":87,"column":21},"end":{"line":95,"column":3}},"locations":[{"start":{"line":87,"column":21},"end":{"line":95,"column":3}}]},"16":{"type":"branch","line":91,"loc":{"start":{"line":91,"column":2},"end":{"line":94,"column":3}},"locations":[{"start":{"line":91,"column":2},"end":{"line":94,"column":3}}]},"17":{"type":"branch","line":101,"loc":{"start":{"line":101,"column":25},"end":{"line":112,"column":3}},"locations":[{"start":{"line":101,"column":25},"end":{"line":112,"column":3}}]},"18":{"type":"branch","line":106,"loc":{"start":{"line":106,"column":4},"end":{"line":111,"column":3}},"locations":[{"start":{"line":106,"column":4},"end":{"line":111,"column":3}}]}},"b":{"0":[3],"1":[0],"2":[0],"3":[0],"4":[0],"5":[0],"6":[2],"7":[0],"8":[0],"9":[0],"10":[0],"11":[0],"12":[0],"13":[0],"14":[0],"15":[1],"16":[0],"17":[1],"18":[0]},"fnMap":{"0":{"name":"parseDbPlan","decl":{"start":{"line":19,"column":0},"end":{"line":28,"column":1}},"loc":{"start":{"line":19,"column":0},"end":{"line":28,"column":1}},"line":19}},"f":{"0":3}}
,"C:\\Users\\HP\\Documents\\traycer_clone\\server\\routes\\proposals.ts": {"path":"C:\\Users\\HP\\Documents\\traycer_clone\\server\\routes\\proposals.ts","all":false,"statementMap":{"0":{"start":{"line":1,"column":0},"end":{"line":1,"column":3}},"4":{"start":{"line":5,"column":0},"end":{"line":5,"column":52}},"5":{"start":{"line":6,"column":0},"end":{"line":6,"column":54}},"6":{"start":{"line":7,"column":0},"end":{"line":7,"column":68}},"7":{"start":{"line":8,"column":0},"end":{"line":8,"column":82}},"8":{"start":{"line":9,"column":0},"end":{"line":9,"column":28}},"9":{"start":{"line":10,"column":0},"end":{"line":10,"column":81}},"11":{"start":{"line":12,"column":0},"end":{"line":12,"column":58}},"12":{"start":{"line":13,"column":0},"end":{"line":13,"column":37}},"14":{"start":{"line":15,"column":0},"end":{"line":15,"column":24}},"19":{"start":{"line":20,"column":0},"end":{"line":20,"column":49}},"20":{"start":{"line":21,"column":0},"end":{"line":21,"column":92}},"22":{"start":{"line":23,"column":0},"end":{"line":23,"column":7}},"23":{"start":{"line":24,"column":0},"end":{"line":24,"column":69}},"24":{"start":{"line":25,"column":0},"end":{"line":25,"column":41}},"25":{"start":{"line":26,"column":0},"end":{"line":26,"column":11}},"26":{"start":{"line":27,"column":0},"end":{"line":27,"column":19}},"27":{"start":{"line":28,"column":0},"end":{"line":28,"column":3}},"29":{"start":{"line":30,"column":0},"end":{"line":30,"column":44}},"32":{"start":{"line":33,"column":0},"end":{"line":33,"column":36}},"33":{"start":{"line":34,"column":0},"end":{"line":34,"column":12}},"34":{"start":{"line":35,"column":0},"end":{"line":35,"column":11}},"35":{"start":{"line":36,"column":0},"end":{"line":36,"column":24}},"36":{"start":{"line":37,"column":0},"end":{"line":37,"column":8}},"37":{"start":{"line":38,"column":0},"end":{"line":38,"column":6}},"38":{"start":{"line":39,"column":0},"end":{"line":39,"column":5}},"41":{"start":{"line":42,"column":0},"end":{"line":42,"column":34}},"42":{"start":{"line":43,"column":0},"end":{"line":43,"column":9}},"43":{"start":{"line":44,"column":0},"end":{"line":44,"column":65}},"44":{"start":{"line":45,"column":0},"end":{"line":45,"column":60}},"45":{"start":{"line":46,"column":0},"end":{"line":46,"column":55}},"47":{"start":{"line":48,"column":0},"end":{"line":48,"column":36}},"48":{"start":{"line":49,"column":0},"end":{"line":49,"column":31}},"49":{"start":{"line":50,"column":0},"end":{"line":50,"column":17}},"50":{"start":{"line":51,"column":0},"end":{"line":51,"column":30}},"51":{"start":{"line":52,"column":0},"end":{"line":52,"column":34}},"52":{"start":{"line":53,"column":0},"end":{"line":53,"column":38}},"53":{"start":{"line":54,"column":0},"end":{"line":54,"column":26}},"54":{"start":{"line":55,"column":0},"end":{"line":55,"column":36}},"55":{"start":{"line":56,"column":0},"end":{"line":56,"column":34}},"56":{"start":{"line":57,"column":0},"end":{"line":57,"column":46}},"57":{"start":{"line":58,"column":0},"end":{"line":58,"column":100}},"58":{"start":{"line":59,"column":0},"end":{"line":59,"column":97}},"59":{"start":{"line":60,"column":0},"end":{"line":60,"column":56}},"60":{"start":{"line":61,"column":0},"end":{"line":61,"column":10}},"61":{"start":{"line":62,"column":0},"end":{"line":62,"column":17}},"62":{"start":{"line":63,"column":0},"end":{"line":63,"column":22}},"63":{"start":{"line":64,"column":0},"end":{"line":64,"column":30}},"64":{"start":{"line":65,"column":0},"end":{"line":65,"column":34}},"65":{"start":{"line":66,"column":0},"end":{"line":66,"column":38}},"66":{"start":{"line":67,"column":0},"end":{"line":67,"column":26}},"67":{"start":{"line":68,"column":0},"end":{"line":68,"column":36}},"68":{"start":{"line":69,"column":0},"end":{"line":69,"column":34}},"69":{"start":{"line":70,"column":0},"end":{"line":70,"column":46}},"70":{"start":{"line":71,"column":0},"end":{"line":71,"column":100}},"71":{"start":{"line":72,"column":0},"end":{"line":72,"column":97}},"72":{"start":{"line":73,"column":0},"end":{"line":73,"column":56}},"73":{"start":{"line":74,"column":0},"end":{"line":74,"column":10}},"74":{"start":{"line":75,"column":0},"end":{"line":75,"column":9}},"75":{"start":{"line":76,"column":0},"end":{"line":76,"column":19}},"76":{"start":{"line":77,"column":0},"end":{"line":77,"column":75}},"77":{"start":{"line":78,"column":0},"end":{"line":78,"column":5}},"78":{"start":{"line":79,"column":0},"end":{"line":79,"column":3}},"79":{"start":{"line":80,"column":0},"end":{"line":80,"column":1}},"85":{"start":{"line":86,"column":0},"end":{"line":86,"column":65}},"86":{"start":{"line":87,"column":0},"end":{"line":87,"column":7}},"87":{"start":{"line":88,"column":0},"end":{"line":88,"column":59}},"89":{"start":{"line":90,"column":0},"end":{"line":90,"column":18}},"90":{"start":{"line":91,"column":0},"end":{"line":91,"column":67}},"91":{"start":{"line":92,"column":0},"end":{"line":92,"column":5}},"93":{"start":{"line":94,"column":0},"end":{"line":94,"column":45}},"94":{"start":{"line":95,"column":0},"end":{"line":95,"column":93}},"96":{"start":{"line":97,"column":0},"end":{"line":97,"column":55}},"99":{"start":{"line":100,"column":0},"end":{"line":100,"column":9}},"100":{"start":{"line":101,"column":0},"end":{"line":101,"column":29}},"101":{"start":{"line":102,"column":0},"end":{"line":102,"column":13}},"102":{"start":{"line":103,"column":0},"end":{"line":103,"column":77}},"103":{"start":{"line":104,"column":0},"end":{"line":104,"column":19}},"104":{"start":{"line":105,"column":0},"end":{"line":105,"column":26}},"105":{"start":{"line":106,"column":0},"end":{"line":106,"column":24}},"106":{"start":{"line":107,"column":0},"end":{"line":107,"column":42}},"107":{"start":{"line":108,"column":0},"end":{"line":108,"column":36}},"108":{"start":{"line":109,"column":0},"end":{"line":109,"column":50}},"109":{"start":{"line":110,"column":0},"end":{"line":110,"column":42}},"110":{"start":{"line":111,"column":0},"end":{"line":111,"column":58}},"111":{"start":{"line":112,"column":0},"end":{"line":112,"column":38}},"112":{"start":{"line":113,"column":0},"end":{"line":113,"column":99}},"113":{"start":{"line":114,"column":0},"end":{"line":114,"column":99}},"114":{"start":{"line":115,"column":0},"end":{"line":115,"column":52}},"115":{"start":{"line":116,"column":0},"end":{"line":116,"column":10}},"116":{"start":{"line":117,"column":0},"end":{"line":117,"column":52}},"117":{"start":{"line":118,"column":0},"end":{"line":118,"column":78}},"118":{"start":{"line":119,"column":0},"end":{"line":119,"column":14}},"119":{"start":{"line":120,"column":0},"end":{"line":120,"column":88}},"120":{"start":{"line":121,"column":0},"end":{"line":121,"column":7}},"121":{"start":{"line":122,"column":0},"end":{"line":122,"column":5}},"123":{"start":{"line":124,"column":0},"end":{"line":124,"column":22}},"125":{"start":{"line":126,"column":0},"end":{"line":126,"column":93}},"126":{"start":{"line":127,"column":0},"end":{"line":127,"column":5}},"129":{"start":{"line":130,"column":0},"end":{"line":130,"column":41}},"130":{"start":{"line":131,"column":0},"end":{"line":131,"column":15}},"131":{"start":{"line":132,"column":0},"end":{"line":132,"column":16}},"132":{"start":{"line":133,"column":0},"end":{"line":133,"column":35}},"133":{"start":{"line":134,"column":0},"end":{"line":134,"column":66}},"134":{"start":{"line":135,"column":0},"end":{"line":135,"column":20}},"135":{"start":{"line":136,"column":0},"end":{"line":136,"column":17}},"136":{"start":{"line":137,"column":0},"end":{"line":137,"column":6}},"140":{"start":{"line":141,"column":0},"end":{"line":141,"column":28}},"142":{"start":{"line":143,"column":0},"end":{"line":143,"column":22}},"144":{"start":{"line":145,"column":0},"end":{"line":145,"column":65}},"145":{"start":{"line":146,"column":0},"end":{"line":146,"column":35}},"147":{"start":{"line":148,"column":0},"end":{"line":148,"column":50}},"148":{"start":{"line":149,"column":0},"end":{"line":149,"column":5}},"151":{"start":{"line":152,"column":0},"end":{"line":152,"column":53}},"152":{"start":{"line":153,"column":0},"end":{"line":153,"column":19}},"153":{"start":{"line":154,"column":0},"end":{"line":154,"column":77}},"154":{"start":{"line":155,"column":0},"end":{"line":155,"column":31}},"155":{"start":{"line":156,"column":0},"end":{"line":156,"column":76}},"156":{"start":{"line":157,"column":0},"end":{"line":157,"column":44}},"157":{"start":{"line":158,"column":0},"end":{"line":158,"column":5}},"158":{"start":{"line":159,"column":0},"end":{"line":159,"column":45}},"159":{"start":{"line":160,"column":0},"end":{"line":160,"column":3}},"160":{"start":{"line":161,"column":0},"end":{"line":161,"column":3}},"166":{"start":{"line":167,"column":0},"end":{"line":167,"column":65}},"167":{"start":{"line":168,"column":0},"end":{"line":168,"column":7}},"168":{"start":{"line":169,"column":0},"end":{"line":169,"column":56}},"169":{"start":{"line":170,"column":0},"end":{"line":170,"column":37}},"170":{"start":{"line":171,"column":0},"end":{"line":171,"column":7}},"172":{"start":{"line":173,"column":0},"end":{"line":173,"column":63}},"173":{"start":{"line":174,"column":0},"end":{"line":174,"column":15}},"174":{"start":{"line":175,"column":0},"end":{"line":175,"column":23}},"175":{"start":{"line":176,"column":0},"end":{"line":176,"column":27}},"176":{"start":{"line":177,"column":0},"end":{"line":177,"column":31}},"177":{"start":{"line":178,"column":0},"end":{"line":178,"column":25}},"178":{"start":{"line":179,"column":0},"end":{"line":179,"column":52}},"179":{"start":{"line":180,"column":0},"end":{"line":180,"column":27}},"180":{"start":{"line":181,"column":0},"end":{"line":181,"column":43}},"181":{"start":{"line":182,"column":0},"end":{"line":182,"column":91}},"182":{"start":{"line":183,"column":0},"end":{"line":183,"column":88}},"183":{"start":{"line":184,"column":0},"end":{"line":184,"column":49}},"184":{"start":{"line":185,"column":0},"end":{"line":185,"column":8}},"186":{"start":{"line":187,"column":0},"end":{"line":187,"column":24}},"187":{"start":{"line":188,"column":0},"end":{"line":188,"column":19}},"188":{"start":{"line":189,"column":0},"end":{"line":189,"column":77}},"189":{"start":{"line":190,"column":0},"end":{"line":190,"column":45}},"190":{"start":{"line":191,"column":0},"end":{"line":191,"column":3}},"191":{"start":{"line":192,"column":0},"end":{"line":192,"column":3}},"197":{"start":{"line":198,"column":0},"end":{"line":198,"column":69}},"198":{"start":{"line":199,"column":0},"end":{"line":199,"column":7}},"199":{"start":{"line":200,"column":0},"end":{"line":200,"column":48}},"200":{"start":{"line":201,"column":0},"end":{"line":201,"column":35}},"201":{"start":{"line":202,"column":0},"end":{"line":202,"column":7}},"203":{"start":{"line":204,"column":0},"end":{"line":204,"column":13}},"204":{"start":{"line":205,"column":0},"end":{"line":205,"column":67}},"205":{"start":{"line":206,"column":0},"end":{"line":206,"column":5}},"207":{"start":{"line":208,"column":0},"end":{"line":208,"column":38}},"208":{"start":{"line":209,"column":0},"end":{"line":209,"column":15}},"209":{"start":{"line":210,"column":0},"end":{"line":210,"column":23}},"210":{"start":{"line":211,"column":0},"end":{"line":211,"column":27}},"211":{"start":{"line":212,"column":0},"end":{"line":212,"column":31}},"212":{"start":{"line":213,"column":0},"end":{"line":213,"column":25}},"213":{"start":{"line":214,"column":0},"end":{"line":214,"column":52}},"214":{"start":{"line":215,"column":0},"end":{"line":215,"column":27}},"215":{"start":{"line":216,"column":0},"end":{"line":216,"column":43}},"216":{"start":{"line":217,"column":0},"end":{"line":217,"column":91}},"217":{"start":{"line":218,"column":0},"end":{"line":218,"column":88}},"218":{"start":{"line":219,"column":0},"end":{"line":219,"column":49}},"219":{"start":{"line":220,"column":0},"end":{"line":220,"column":6}},"221":{"start":{"line":222,"column":0},"end":{"line":222,"column":23}},"222":{"start":{"line":223,"column":0},"end":{"line":223,"column":19}},"223":{"start":{"line":224,"column":0},"end":{"line":224,"column":77}},"224":{"start":{"line":225,"column":0},"end":{"line":225,"column":45}},"225":{"start":{"line":226,"column":0},"end":{"line":226,"column":3}},"226":{"start":{"line":227,"column":0},"end":{"line":227,"column":3}},"232":{"start":{"line":233,"column":0},"end":{"line":233,"column":68}},"233":{"start":{"line":234,"column":0},"end":{"line":234,"column":7}},"234":{"start":{"line":235,"column":0},"end":{"line":235,"column":44}},"235":{"start":{"line":236,"column":0},"end":{"line":236,"column":45}},"236":{"start":{"line":237,"column":0},"end":{"line":237,"column":93}},"238":{"start":{"line":239,"column":0},"end":{"line":239,"column":81}},"241":{"start":{"line":242,"column":0},"end":{"line":242,"column":34}},"242":{"start":{"line":243,"column":0},"end":{"line":243,"column":35}},"243":{"start":{"line":244,"column":0},"end":{"line":244,"column":31}},"244":{"start":{"line":245,"column":0},"end":{"line":245,"column":7}},"246":{"start":{"line":247,"column":0},"end":{"line":247,"column":51}},"247":{"start":{"line":248,"column":0},"end":{"line":248,"column":19}},"248":{"start":{"line":249,"column":0},"end":{"line":249,"column":77}},"249":{"start":{"line":250,"column":0},"end":{"line":250,"column":103}},"250":{"start":{"line":251,"column":0},"end":{"line":251,"column":48}},"251":{"start":{"line":252,"column":0},"end":{"line":252,"column":3}},"252":{"start":{"line":253,"column":0},"end":{"line":253,"column":3}},"258":{"start":{"line":259,"column":0},"end":{"line":259,"column":68}},"259":{"start":{"line":260,"column":0},"end":{"line":260,"column":7}},"260":{"start":{"line":261,"column":0},"end":{"line":261,"column":44}},"261":{"start":{"line":262,"column":0},"end":{"line":262,"column":45}},"262":{"start":{"line":263,"column":0},"end":{"line":263,"column":93}},"264":{"start":{"line":265,"column":0},"end":{"line":265,"column":34}},"266":{"start":{"line":267,"column":0},"end":{"line":267,"column":32}},"267":{"start":{"line":268,"column":0},"end":{"line":268,"column":19}},"268":{"start":{"line":269,"column":0},"end":{"line":269,"column":77}},"269":{"start":{"line":270,"column":0},"end":{"line":270,"column":45}},"270":{"start":{"line":271,"column":0},"end":{"line":271,"column":3}},"271":{"start":{"line":272,"column":0},"end":{"line":272,"column":3}},"277":{"start":{"line":278,"column":0},"end":{"line":278,"column":67}},"278":{"start":{"line":279,"column":0},"end":{"line":279,"column":7}},"279":{"start":{"line":280,"column":0},"end":{"line":280,"column":32}},"281":{"start":{"line":282,"column":0},"end":{"line":282,"column":55}},"282":{"start":{"line":283,"column":0},"end":{"line":283,"column":35}},"283":{"start":{"line":284,"column":0},"end":{"line":284,"column":7}},"285":{"start":{"line":286,"column":0},"end":{"line":286,"column":20}},"286":{"start":{"line":287,"column":0},"end":{"line":287,"column":67}},"287":{"start":{"line":288,"column":0},"end":{"line":288,"column":5}},"290":{"start":{"line":291,"column":0},"end":{"line":291,"column":89}},"291":{"start":{"line":292,"column":0},"end":{"line":292,"column":80}},"294":{"start":{"line":295,"column":0},"end":{"line":295,"column":66}},"295":{"start":{"line":296,"column":0},"end":{"line":296,"column":62}},"296":{"start":{"line":297,"column":0},"end":{"line":297,"column":49}},"297":{"start":{"line":298,"column":0},"end":{"line":298,"column":34}},"298":{"start":{"line":299,"column":0},"end":{"line":299,"column":35}},"299":{"start":{"line":300,"column":0},"end":{"line":300,"column":13}},"300":{"start":{"line":301,"column":0},"end":{"line":301,"column":42}},"301":{"start":{"line":302,"column":0},"end":{"line":302,"column":30}},"302":{"start":{"line":303,"column":0},"end":{"line":303,"column":110}},"303":{"start":{"line":304,"column":0},"end":{"line":304,"column":107}},"305":{"start":{"line":306,"column":0},"end":{"line":306,"column":8}},"306":{"start":{"line":307,"column":0},"end":{"line":307,"column":7}},"308":{"start":{"line":309,"column":0},"end":{"line":309,"column":51}},"309":{"start":{"line":310,"column":0},"end":{"line":310,"column":19}},"310":{"start":{"line":311,"column":0},"end":{"line":311,"column":77}},"311":{"start":{"line":312,"column":0},"end":{"line":312,"column":45}},"312":{"start":{"line":313,"column":0},"end":{"line":313,"column":3}},"313":{"start":{"line":314,"column":0},"end":{"line":314,"column":3}},"319":{"start":{"line":320,"column":0},"end":{"line":320,"column":69}},"320":{"start":{"line":321,"column":0},"end":{"line":321,"column":7}},"321":{"start":{"line":322,"column":0},"end":{"line":322,"column":30}},"324":{"start":{"line":325,"column":0},"end":{"line":325,"column":45}},"326":{"start":{"line":327,"column":0},"end":{"line":327,"column":71}},"327":{"start":{"line":328,"column":0},"end":{"line":328,"column":22}},"329":{"start":{"line":330,"column":0},"end":{"line":330,"column":78}},"330":{"start":{"line":331,"column":0},"end":{"line":331,"column":7}},"331":{"start":{"line":332,"column":0},"end":{"line":332,"column":31}},"332":{"start":{"line":333,"column":0},"end":{"line":333,"column":93}},"333":{"start":{"line":334,"column":0},"end":{"line":334,"column":7}},"336":{"start":{"line":337,"column":0},"end":{"line":337,"column":41}},"337":{"start":{"line":338,"column":0},"end":{"line":338,"column":44}},"338":{"start":{"line":339,"column":0},"end":{"line":339,"column":48}},"339":{"start":{"line":340,"column":0},"end":{"line":340,"column":14}},"340":{"start":{"line":341,"column":0},"end":{"line":341,"column":48}},"341":{"start":{"line":342,"column":0},"end":{"line":342,"column":71}},"342":{"start":{"line":343,"column":0},"end":{"line":343,"column":16}},"343":{"start":{"line":344,"column":0},"end":{"line":344,"column":108}},"344":{"start":{"line":345,"column":0},"end":{"line":345,"column":9}},"345":{"start":{"line":346,"column":0},"end":{"line":346,"column":7}},"348":{"start":{"line":349,"column":0},"end":{"line":349,"column":32}},"349":{"start":{"line":350,"column":0},"end":{"line":350,"column":22}},"350":{"start":{"line":351,"column":0},"end":{"line":351,"column":33}},"351":{"start":{"line":352,"column":0},"end":{"line":352,"column":9}},"352":{"start":{"line":353,"column":0},"end":{"line":353,"column":7}},"355":{"start":{"line":356,"column":0},"end":{"line":356,"column":9}},"356":{"start":{"line":357,"column":0},"end":{"line":357,"column":59}},"357":{"start":{"line":358,"column":0},"end":{"line":358,"column":60}},"358":{"start":{"line":359,"column":0},"end":{"line":359,"column":39}},"359":{"start":{"line":360,"column":0},"end":{"line":360,"column":28}},"360":{"start":{"line":361,"column":0},"end":{"line":361,"column":76}},"363":{"start":{"line":364,"column":0},"end":{"line":364,"column":71}},"364":{"start":{"line":365,"column":0},"end":{"line":365,"column":49}},"365":{"start":{"line":366,"column":0},"end":{"line":366,"column":65}},"366":{"start":{"line":367,"column":0},"end":{"line":367,"column":23}},"367":{"start":{"line":368,"column":0},"end":{"line":368,"column":36}},"368":{"start":{"line":369,"column":0},"end":{"line":369,"column":89}},"369":{"start":{"line":370,"column":0},"end":{"line":370,"column":7}},"370":{"start":{"line":371,"column":0},"end":{"line":371,"column":17}},"371":{"start":{"line":372,"column":0},"end":{"line":372,"column":68}},"372":{"start":{"line":373,"column":0},"end":{"line":373,"column":5}},"374":{"start":{"line":375,"column":0},"end":{"line":375,"column":36}},"375":{"start":{"line":376,"column":0},"end":{"line":376,"column":19}},"376":{"start":{"line":377,"column":0},"end":{"line":377,"column":48}},"377":{"start":{"line":378,"column":0},"end":{"line":378,"column":77}},"378":{"start":{"line":379,"column":0},"end":{"line":379,"column":48}},"379":{"start":{"line":380,"column":0},"end":{"line":380,"column":3}},"380":{"start":{"line":381,"column":0},"end":{"line":381,"column":3}},"386":{"start":{"line":387,"column":0},"end":{"line":387,"column":64}},"387":{"start":{"line":388,"column":0},"end":{"line":388,"column":7}},"388":{"start":{"line":389,"column":0},"end":{"line":389,"column":45}},"390":{"start":{"line":391,"column":0},"end":{"line":391,"column":31}},"391":{"start":{"line":392,"column":0},"end":{"line":392,"column":60}},"392":{"start":{"line":393,"column":0},"end":{"line":393,"column":46}},"393":{"start":{"line":394,"column":0},"end":{"line":394,"column":7}},"394":{"start":{"line":395,"column":0},"end":{"line":395,"column":5}},"397":{"start":{"line":398,"column":0},"end":{"line":398,"column":55}},"400":{"start":{"line":401,"column":0},"end":{"line":401,"column":28}},"402":{"start":{"line":403,"column":0},"end":{"line":403,"column":32}},"403":{"start":{"line":404,"column":0},"end":{"line":404,"column":19}},"404":{"start":{"line":405,"column":0},"end":{"line":405,"column":77}},"405":{"start":{"line":406,"column":0},"end":{"line":406,"column":45}},"406":{"start":{"line":407,"column":0},"end":{"line":407,"column":3}},"407":{"start":{"line":408,"column":0},"end":{"line":408,"column":3}},"409":{"start":{"line":410,"column":0},"end":{"line":410,"column":22}}},"s":{"0":1,"4":1,"5":1,"6":1,"7":1,"8":1,"9":1,"11":1,"12":1,"14":1,"19":0,"20":0,"22":0,"23":0,"24":0,"25":0,"26":0,"27":0,"29":0,"32":0,"33":0,"34":0,"35":0,"36":0,"37":0,"38":0,"41":0,"42":0,"43":0,"44":0,"45":0,"47":0,"48":0,"49":0,"50":0,"51":0,"52":0,"53":0,"54":0,"55":0,"56":0,"57":0,"58":0,"59":0,"60":0,"61":0,"62":0,"63":0,"64":0,"65":0,"66":0,"67":0,"68":0,"69":0,"70":0,"71":0,"72":0,"73":0,"74":0,"75":0,"76":0,"77":0,"78":0,"79":0,"85":1,"86":2,"87":2,"89":2,"90":2,"91":2,"93":0,"94":2,"96":2,"99":2,"100":2,"101":0,"102":0,"103":0,"104":0,"105":0,"106":0,"107":0,"108":0,"109":0,"110":0,"111":0,"112":0,"113":0,"114":0,"115":0,"116":0,"117":0,"118":0,"119":0,"120":0,"121":0,"123":0,"125":0,"126":0,"129":0,"130":0,"131":0,"132":0,"133":0,"134":2,"135":2,"136":2,"140":0,"142":0,"144":0,"145":0,"147":0,"148":0,"151":0,"152":0,"153":0,"154":0,"155":0,"156":0,"157":0,"158":0,"159":0,"160":2,"166":1,"167":1,"168":1,"169":1,"170":1,"172":1,"173":0,"174":0,"175":0,"176":0,"177":0,"178":0,"179":0,"180":0,"181":0,"182":0,"183":0,"184":1,"186":1,"187":1,"188":0,"189":0,"190":0,"191":1,"197":1,"198":0,"199":0,"200":0,"201":0,"203":0,"204":0,"205":0,"207":0,"208":0,"209":0,"210":0,"211":0,"212":0,"213":0,"214":0,"215":0,"216":0,"217":0,"218":0,"219":0,"221":0,"222":0,"223":0,"224":0,"225":0,"226":0,"232":1,"233":1,"234":1,"235":1,"236":1,"238":1,"241":0,"242":0,"243":0,"244":0,"246":0,"247":1,"248":1,"249":1,"250":1,"251":1,"252":1,"258":1,"259":0,"260":0,"261":0,"262":0,"264":0,"266":0,"267":0,"268":0,"269":0,"270":0,"271":0,"277":1,"278":0,"279":0,"281":0,"282":0,"283":0,"285":0,"286":0,"287":0,"290":0,"291":0,"294":0,"295":0,"296":0,"297":0,"298":0,"299":0,"300":0,"301":0,"302":0,"303":0,"305":0,"306":0,"308":0,"309":0,"310":0,"311":0,"312":0,"313":0,"319":1,"320":0,"321":0,"324":0,"326":0,"327":0,"329":0,"330":0,"331":0,"332":0,"333":0,"336":0,"337":0,"338":0,"339":0,"340":0,"341":0,"342":0,"343":0,"344":0,"345":0,"348":0,"349":0,"350":0,"351":0,"352":0,"355":0,"356":0,"357":0,"358":0,"359":0,"360":0,"363":0,"364":0,"365":0,"366":0,"367":0,"368":0,"369":0,"370":0,"371":0,"372":0,"374":0,"375":0,"376":0,"377":0,"378":0,"379":0,"380":0,"386":1,"387":0,"388":0,"390":0,"391":0,"392":0,"393":0,"394":0,"397":0,"400":0,"402":0,"403":0,"404":0,"405":0,"406":0,"407":0,"409":1},"branchMap":{"0":{"type":"branch","line":86,"loc":{"start":{"line":86,"column":25},"end":{"line":161,"column":3}},"locations":[{"start":{"line":86,"column":25},"end":{"line":161,"column":3}}]},"1":{"type":"branch","line":92,"loc":{"start":{"line":92,"column":4},"end":{"line":95,"column":79}},"locations":[{"start":{"line":92,"column":4},"end":{"line":95,"column":79}}]},"2":{"type":"branch","line":95,"loc":{"start":{"line":95,"column":75},"end":{"line":95,"column":93}},"locations":[{"start":{"line":95,"column":75},"end":{"line":95,"column":93}}]},"3":{"type":"branch","line":101,"loc":{"start":{"line":101,"column":27},"end":{"line":135,"column":10}},"locations":[{"start":{"line":101,"column":27},"end":{"line":135,"column":10}}]},"4":{"type":"branch","line":135,"loc":{"start":{"line":135,"column":6},"end":{"line":135,"column":20}},"locations":[{"start":{"line":135,"column":6},"end":{"line":135,"column":20}}]},"5":{"type":"branch","line":137,"loc":{"start":{"line":137,"column":4},"end":{"line":160,"column":3}},"locations":[{"start":{"line":137,"column":4},"end":{"line":160,"column":3}}]},"6":{"type":"branch","line":167,"loc":{"start":{"line":167,"column":25},"end":{"line":192,"column":3}},"locations":[{"start":{"line":167,"column":25},"end":{"line":192,"column":3}}]},"7":{"type":"branch","line":188,"loc":{"start":{"line":188,"column":2},"end":{"line":191,"column":3}},"locations":[{"start":{"line":188,"column":2},"end":{"line":191,"column":3}}]},"8":{"type":"branch","line":233,"loc":{"start":{"line":233,"column":28},"end":{"line":253,"column":3}},"locations":[{"start":{"line":233,"column":28},"end":{"line":253,"column":3}}]},"9":{"type":"branch","line":235,"loc":{"start":{"line":235,"column":33},"end":{"line":235,"column":44}},"locations":[{"start":{"line":235,"column":33},"end":{"line":235,"column":44}}]},"10":{"type":"branch","line":237,"loc":{"start":{"line":237,"column":24},"end":{"line":237,"column":79}},"locations":[{"start":{"line":237,"column":24},"end":{"line":237,"column":79}}]},"11":{"type":"branch","line":239,"loc":{"start":{"line":239,"column":58},"end":{"line":248,"column":11}},"locations":[{"start":{"line":239,"column":58},"end":{"line":248,"column":11}}]},"12":{"type":"branch","line":249,"loc":{"start":{"line":249,"column":51},"end":{"line":249,"column":77}},"locations":[{"start":{"line":249,"column":51},"end":{"line":249,"column":77}}]},"13":{"type":"branch","line":250,"loc":{"start":{"line":250,"column":47},"end":{"line":250,"column":93}},"locations":[{"start":{"line":250,"column":47},"end":{"line":250,"column":93}}]},"14":{"type":"branch","line":250,"loc":{"start":{"line":250,"column":93},"end":{"line":250,"column":103}},"locations":[{"start":{"line":250,"column":93},"end":{"line":250,"column":103}}]}},"b":{"0":[2],"1":[0],"2":[0],"3":[0],"4":[0],"5":[0],"6":[1],"7":[0],"8":[1],"9":[0],"10":[0],"11":[0],"12":[0],"13":[0],"14":[0]},"fnMap":{"0":{"name":"syncStagingToDb","decl":{"start":{"line":20,"column":0},"end":{"line":80,"column":1}},"loc":{"start":{"line":20,"column":0},"end":{"line":80,"column":1}},"line":20}},"f":{"0":0}}
,"C:\\Users\\HP\\Documents\\traycer_clone\\server\\routes\\repositories.ts": {"path":"C:\\Users\\HP\\Documents\\traycer_clone\\server\\routes\\repositories.ts","all":false,"statementMap":{"0":{"start":{"line":1,"column":0},"end":{"line":1,"column":3}},"4":{"start":{"line":5,"column":0},"end":{"line":5,"column":52}},"5":{"start":{"line":6,"column":0},"end":{"line":6,"column":41}},"6":{"start":{"line":7,"column":0},"end":{"line":7,"column":33}},"7":{"start":{"line":8,"column":0},"end":{"line":8,"column":40}},"8":{"start":{"line":9,"column":0},"end":{"line":9,"column":28}},"9":{"start":{"line":10,"column":0},"end":{"line":10,"column":36}},"10":{"start":{"line":11,"column":0},"end":{"line":11,"column":37}},"12":{"start":{"line":13,"column":0},"end":{"line":13,"column":24}},"13":{"start":{"line":14,"column":0},"end":{"line":14,"column":42}},"18":{"start":{"line":19,"column":0},"end":{"line":19,"column":38}},"19":{"start":{"line":20,"column":0},"end":{"line":20,"column":25}},"20":{"start":{"line":21,"column":0},"end":{"line":21,"column":10}},"21":{"start":{"line":22,"column":0},"end":{"line":22,"column":16}},"22":{"start":{"line":23,"column":0},"end":{"line":23,"column":35}},"23":{"start":{"line":24,"column":0},"end":{"line":24,"column":20}},"24":{"start":{"line":25,"column":0},"end":{"line":25,"column":18}},"25":{"start":{"line":26,"column":0},"end":{"line":26,"column":29}},"26":{"start":{"line":27,"column":0},"end":{"line":27,"column":40}},"27":{"start":{"line":28,"column":0},"end":{"line":28,"column":34}},"28":{"start":{"line":29,"column":0},"end":{"line":29,"column":27}},"29":{"start":{"line":30,"column":0},"end":{"line":30,"column":40}},"30":{"start":{"line":31,"column":0},"end":{"line":31,"column":24}},"31":{"start":{"line":32,"column":0},"end":{"line":32,"column":95}},"32":{"start":{"line":33,"column":0},"end":{"line":33,"column":95}},"33":{"start":{"line":34,"column":0},"end":{"line":34,"column":4}},"34":{"start":{"line":35,"column":0},"end":{"line":35,"column":1}},"40":{"start":{"line":41,"column":0},"end":{"line":41,"column":68}},"41":{"start":{"line":42,"column":0},"end":{"line":42,"column":7}},"42":{"start":{"line":43,"column":0},"end":{"line":43,"column":52}},"43":{"start":{"line":44,"column":0},"end":{"line":44,"column":37}},"44":{"start":{"line":45,"column":0},"end":{"line":45,"column":7}},"45":{"start":{"line":46,"column":0},"end":{"line":46,"column":42}},"46":{"start":{"line":47,"column":0},"end":{"line":47,"column":20}},"47":{"start":{"line":48,"column":0},"end":{"line":48,"column":48}},"48":{"start":{"line":49,"column":0},"end":{"line":49,"column":68}},"49":{"start":{"line":50,"column":0},"end":{"line":50,"column":3}},"50":{"start":{"line":51,"column":0},"end":{"line":51,"column":3}},"56":{"start":{"line":57,"column":0},"end":{"line":57,"column":69}},"57":{"start":{"line":58,"column":0},"end":{"line":58,"column":7}},"58":{"start":{"line":59,"column":0},"end":{"line":59,"column":70}},"59":{"start":{"line":60,"column":0},"end":{"line":60,"column":41}},"61":{"start":{"line":62,"column":0},"end":{"line":62,"column":35}},"62":{"start":{"line":63,"column":0},"end":{"line":63,"column":31}},"63":{"start":{"line":64,"column":0},"end":{"line":64,"column":17}},"64":{"start":{"line":65,"column":0},"end":{"line":65,"column":83}},"65":{"start":{"line":66,"column":0},"end":{"line":66,"column":7}},"67":{"start":{"line":68,"column":0},"end":{"line":68,"column":49}},"68":{"start":{"line":69,"column":0},"end":{"line":69,"column":13}},"69":{"start":{"line":70,"column":0},"end":{"line":70,"column":31}},"70":{"start":{"line":71,"column":0},"end":{"line":71,"column":31}},"71":{"start":{"line":72,"column":0},"end":{"line":72,"column":35}},"72":{"start":{"line":73,"column":0},"end":{"line":73,"column":23}},"73":{"start":{"line":74,"column":0},"end":{"line":74,"column":49}},"74":{"start":{"line":75,"column":0},"end":{"line":75,"column":40}},"75":{"start":{"line":76,"column":0},"end":{"line":76,"column":17}},"76":{"start":{"line":77,"column":0},"end":{"line":77,"column":25}},"77":{"start":{"line":78,"column":0},"end":{"line":78,"column":34}},"78":{"start":{"line":79,"column":0},"end":{"line":79,"column":23}},"79":{"start":{"line":80,"column":0},"end":{"line":80,"column":23}},"80":{"start":{"line":81,"column":0},"end":{"line":81,"column":8}},"81":{"start":{"line":82,"column":0},"end":{"line":82,"column":7}},"82":{"start":{"line":83,"column":0},"end":{"line":83,"column":37}},"83":{"start":{"line":84,"column":0},"end":{"line":84,"column":20}},"84":{"start":{"line":85,"column":0},"end":{"line":85,"column":49}},"85":{"start":{"line":86,"column":0},"end":{"line":86,"column":80}},"86":{"start":{"line":87,"column":0},"end":{"line":87,"column":3}},"87":{"start":{"line":88,"column":0},"end":{"line":88,"column":3}},"93":{"start":{"line":94,"column":0},"end":{"line":94,"column":63}},"94":{"start":{"line":95,"column":0},"end":{"line":95,"column":43}},"95":{"start":{"line":96,"column":0},"end":{"line":96,"column":7}},"96":{"start":{"line":97,"column":0},"end":{"line":97,"column":27}},"97":{"start":{"line":98,"column":0},"end":{"line":98,"column":49}},"98":{"start":{"line":99,"column":0},"end":{"line":99,"column":64}},"99":{"start":{"line":100,"column":0},"end":{"line":100,"column":5}},"101":{"start":{"line":102,"column":0},"end":{"line":102,"column":54}},"102":{"start":{"line":103,"column":0},"end":{"line":103,"column":47}},"103":{"start":{"line":104,"column":0},"end":{"line":104,"column":99}},"104":{"start":{"line":105,"column":0},"end":{"line":105,"column":5}},"107":{"start":{"line":108,"column":0},"end":{"line":108,"column":60}},"108":{"start":{"line":109,"column":0},"end":{"line":109,"column":36}},"109":{"start":{"line":110,"column":0},"end":{"line":110,"column":7}},"110":{"start":{"line":111,"column":0},"end":{"line":111,"column":23}},"111":{"start":{"line":112,"column":0},"end":{"line":112,"column":101}},"112":{"start":{"line":113,"column":0},"end":{"line":113,"column":5}},"114":{"start":{"line":115,"column":0},"end":{"line":115,"column":38}},"115":{"start":{"line":116,"column":0},"end":{"line":116,"column":56}},"118":{"start":{"line":119,"column":0},"end":{"line":119,"column":53}},"121":{"start":{"line":122,"column":0},"end":{"line":122,"column":92}},"122":{"start":{"line":123,"column":0},"end":{"line":123,"column":28}},"123":{"start":{"line":124,"column":0},"end":{"line":124,"column":34}},"124":{"start":{"line":125,"column":0},"end":{"line":125,"column":35}},"126":{"start":{"line":127,"column":0},"end":{"line":127,"column":74}},"127":{"start":{"line":128,"column":0},"end":{"line":128,"column":20}},"128":{"start":{"line":129,"column":0},"end":{"line":129,"column":7}},"130":{"start":{"line":131,"column":0},"end":{"line":131,"column":41}},"131":{"start":{"line":132,"column":0},"end":{"line":132,"column":22}},"132":{"start":{"line":133,"column":0},"end":{"line":133,"column":23}},"133":{"start":{"line":134,"column":0},"end":{"line":134,"column":90}},"134":{"start":{"line":135,"column":0},"end":{"line":135,"column":45}},"135":{"start":{"line":136,"column":0},"end":{"line":136,"column":25}},"136":{"start":{"line":137,"column":0},"end":{"line":137,"column":21}},"137":{"start":{"line":138,"column":0},"end":{"line":138,"column":41}},"138":{"start":{"line":139,"column":0},"end":{"line":139,"column":26}},"139":{"start":{"line":140,"column":0},"end":{"line":140,"column":15}},"140":{"start":{"line":141,"column":0},"end":{"line":141,"column":23}},"141":{"start":{"line":142,"column":0},"end":{"line":142,"column":22}},"142":{"start":{"line":143,"column":0},"end":{"line":143,"column":21}},"143":{"start":{"line":144,"column":0},"end":{"line":144,"column":21}},"144":{"start":{"line":145,"column":0},"end":{"line":145,"column":13}},"146":{"start":{"line":147,"column":0},"end":{"line":147,"column":35}},"147":{"start":{"line":148,"column":0},"end":{"line":148,"column":31}},"148":{"start":{"line":149,"column":0},"end":{"line":149,"column":17}},"149":{"start":{"line":150,"column":0},"end":{"line":150,"column":15}},"150":{"start":{"line":151,"column":0},"end":{"line":151,"column":22}},"151":{"start":{"line":152,"column":0},"end":{"line":152,"column":34}},"152":{"start":{"line":153,"column":0},"end":{"line":153,"column":63}},"153":{"start":{"line":154,"column":0},"end":{"line":154,"column":8}},"154":{"start":{"line":155,"column":0},"end":{"line":155,"column":7}},"156":{"start":{"line":157,"column":0},"end":{"line":157,"column":75}},"157":{"start":{"line":158,"column":0},"end":{"line":158,"column":44}},"158":{"start":{"line":159,"column":0},"end":{"line":159,"column":24}},"159":{"start":{"line":160,"column":0},"end":{"line":160,"column":48}},"161":{"start":{"line":162,"column":0},"end":{"line":162,"column":25}},"162":{"start":{"line":163,"column":0},"end":{"line":163,"column":81}},"163":{"start":{"line":164,"column":0},"end":{"line":164,"column":5}},"165":{"start":{"line":166,"column":0},"end":{"line":166,"column":42}},"166":{"start":{"line":167,"column":0},"end":{"line":167,"column":101}},"167":{"start":{"line":168,"column":0},"end":{"line":168,"column":5}},"169":{"start":{"line":170,"column":0},"end":{"line":170,"column":80}},"170":{"start":{"line":171,"column":0},"end":{"line":171,"column":29}},"171":{"start":{"line":172,"column":0},"end":{"line":172,"column":119}},"172":{"start":{"line":173,"column":0},"end":{"line":173,"column":95}},"173":{"start":{"line":174,"column":0},"end":{"line":174,"column":98}},"174":{"start":{"line":175,"column":0},"end":{"line":175,"column":56}},"175":{"start":{"line":176,"column":0},"end":{"line":176,"column":5}},"176":{"start":{"line":177,"column":0},"end":{"line":177,"column":45}},"177":{"start":{"line":178,"column":0},"end":{"line":178,"column":3}},"178":{"start":{"line":179,"column":0},"end":{"line":179,"column":3}},"184":{"start":{"line":185,"column":0},"end":{"line":185,"column":75}},"185":{"start":{"line":186,"column":0},"end":{"line":186,"column":28}},"186":{"start":{"line":187,"column":0},"end":{"line":187,"column":7}},"187":{"start":{"line":188,"column":0},"end":{"line":188,"column":54}},"189":{"start":{"line":190,"column":0},"end":{"line":190,"column":46}},"190":{"start":{"line":191,"column":0},"end":{"line":191,"column":57}},"191":{"start":{"line":192,"column":0},"end":{"line":192,"column":36}},"192":{"start":{"line":193,"column":0},"end":{"line":193,"column":20}},"193":{"start":{"line":194,"column":0},"end":{"line":194,"column":49}},"194":{"start":{"line":195,"column":0},"end":{"line":195,"column":69}},"195":{"start":{"line":196,"column":0},"end":{"line":196,"column":5}},"196":{"start":{"line":197,"column":0},"end":{"line":197,"column":69}},"197":{"start":{"line":198,"column":0},"end":{"line":198,"column":45}},"198":{"start":{"line":199,"column":0},"end":{"line":199,"column":3}},"199":{"start":{"line":200,"column":0},"end":{"line":200,"column":3}},"202":{"start":{"line":203,"column":0},"end":{"line":203,"column":54}},"203":{"start":{"line":204,"column":0},"end":{"line":204,"column":27}},"204":{"start":{"line":205,"column":0},"end":{"line":205,"column":119}},"205":{"start":{"line":206,"column":0},"end":{"line":206,"column":35}},"206":{"start":{"line":207,"column":0},"end":{"line":207,"column":3}},"207":{"start":{"line":208,"column":0},"end":{"line":208,"column":17}},"208":{"start":{"line":209,"column":0},"end":{"line":209,"column":1}},"210":{"start":{"line":211,"column":0},"end":{"line":211,"column":53}},"211":{"start":{"line":212,"column":0},"end":{"line":212,"column":46}},"212":{"start":{"line":213,"column":0},"end":{"line":213,"column":7}},"213":{"start":{"line":214,"column":0},"end":{"line":214,"column":35}},"214":{"start":{"line":215,"column":0},"end":{"line":215,"column":77}},"215":{"start":{"line":216,"column":0},"end":{"line":216,"column":11}},"216":{"start":{"line":217,"column":0},"end":{"line":217,"column":68}},"217":{"start":{"line":218,"column":0},"end":{"line":218,"column":3}},"218":{"start":{"line":219,"column":0},"end":{"line":219,"column":1}},"220":{"start":{"line":221,"column":0},"end":{"line":221,"column":49}},"221":{"start":{"line":222,"column":0},"end":{"line":222,"column":73}},"222":{"start":{"line":223,"column":0},"end":{"line":223,"column":7}},"223":{"start":{"line":224,"column":0},"end":{"line":224,"column":42}},"224":{"start":{"line":225,"column":0},"end":{"line":225,"column":67}},"225":{"start":{"line":226,"column":0},"end":{"line":226,"column":63}},"226":{"start":{"line":227,"column":0},"end":{"line":227,"column":11}},"227":{"start":{"line":228,"column":0},"end":{"line":228,"column":62}},"228":{"start":{"line":229,"column":0},"end":{"line":229,"column":57}},"229":{"start":{"line":230,"column":0},"end":{"line":230,"column":3}},"230":{"start":{"line":231,"column":0},"end":{"line":231,"column":1}},"232":{"start":{"line":233,"column":0},"end":{"line":233,"column":22}}},"s":{"0":1,"4":1,"5":1,"6":1,"7":1,"8":1,"9":1,"10":1,"12":1,"13":1,"18":1,"19":1,"20":1,"21":1,"22":1,"23":1,"24":1,"25":1,"26":1,"27":1,"28":1,"29":1,"30":1,"31":1,"32":1,"33":1,"34":1,"40":1,"41":1,"42":1,"43":1,"44":1,"45":1,"46":1,"47":0,"48":0,"49":0,"50":1,"56":1,"57":0,"58":0,"59":0,"61":0,"62":0,"63":0,"64":0,"65":0,"67":0,"68":0,"69":0,"70":0,"71":0,"72":0,"73":0,"74":0,"75":0,"76":0,"77":0,"78":0,"79":0,"80":0,"81":0,"82":0,"83":0,"84":0,"85":0,"86":0,"87":0,"93":1,"94":2,"95":2,"96":2,"97":2,"98":1,"99":1,"101":1,"102":1,"103":1,"104":1,"107":0,"108":0,"109":0,"110":0,"111":0,"112":0,"114":0,"115":0,"118":0,"121":0,"122":0,"123":0,"124":0,"126":0,"127":0,"128":0,"130":0,"131":0,"132":0,"133":0,"134":0,"135":0,"136":0,"137":0,"138":0,"139":0,"140":0,"141":0,"142":0,"143":0,"144":0,"146":0,"147":0,"148":0,"149":0,"150":0,"151":0,"152":0,"153":0,"154":0,"156":0,"157":0,"158":0,"159":0,"161":0,"162":0,"163":0,"165":0,"166":0,"167":0,"169":0,"170":0,"171":0,"172":0,"173":0,"174":0,"175":0,"176":0,"177":0,"178":2,"184":1,"185":1,"186":1,"187":1,"189":0,"190":0,"191":0,"192":1,"193":1,"194":1,"195":1,"196":1,"197":1,"198":1,"199":1,"202":1,"203":1,"204":1,"205":0,"206":0,"207":1,"208":1,"210":1,"211":1,"212":0,"213":0,"214":0,"215":0,"216":0,"217":0,"218":1,"220":0,"221":0,"222":0,"223":0,"224":0,"225":0,"226":0,"227":0,"228":0,"229":0,"230":0,"232":1},"branchMap":{"0":{"type":"branch","line":19,"loc":{"start":{"line":19,"column":0},"end":{"line":35,"column":1}},"locations":[{"start":{"line":19,"column":0},"end":{"line":35,"column":1}}]},"1":{"type":"branch","line":20,"loc":{"start":{"line":20,"column":13},"end":{"line":20,"column":25}},"locations":[{"start":{"line":20,"column":13},"end":{"line":20,"column":25}}]},"2":{"type":"branch","line":27,"loc":{"start":{"line":27,"column":22},"end":{"line":27,"column":40}},"locations":[{"start":{"line":27,"column":22},"end":{"line":27,"column":40}}]},"3":{"type":"branch","line":28,"loc":{"start":{"line":28,"column":19},"end":{"line":28,"column":34}},"locations":[{"start":{"line":28,"column":19},"end":{"line":28,"column":34}}]},"4":{"type":"branch","line":29,"loc":{"start":{"line":29,"column":16},"end":{"line":29,"column":27}},"locations":[{"start":{"line":29,"column":16},"end":{"line":29,"column":27}}]},"5":{"type":"branch","line":30,"loc":{"start":{"line":30,"column":21},"end":{"line":30,"column":40}},"locations":[{"start":{"line":30,"column":21},"end":{"line":30,"column":40}}]},"6":{"type":"branch","line":32,"loc":{"start":{"line":32,"column":76},"end":{"line":32,"column":95}},"locations":[{"start":{"line":32,"column":76},"end":{"line":32,"column":95}}]},"7":{"type":"branch","line":33,"loc":{"start":{"line":33,"column":76},"end":{"line":33,"column":95}},"locations":[{"start":{"line":33,"column":76},"end":{"line":33,"column":95}}]},"8":{"type":"branch","line":41,"loc":{"start":{"line":41,"column":28},"end":{"line":51,"column":3}},"locations":[{"start":{"line":41,"column":28},"end":{"line":51,"column":3}}]},"9":{"type":"branch","line":47,"loc":{"start":{"line":47,"column":2},"end":{"line":50,"column":3}},"locations":[{"start":{"line":47,"column":2},"end":{"line":50,"column":3}}]},"10":{"type":"branch","line":94,"loc":{"start":{"line":94,"column":23},"end":{"line":179,"column":3}},"locations":[{"start":{"line":94,"column":23},"end":{"line":179,"column":3}}]},"11":{"type":"branch","line":98,"loc":{"start":{"line":98,"column":48},"end":{"line":178,"column":3}},"locations":[{"start":{"line":98,"column":48},"end":{"line":178,"column":3}}]},"12":{"type":"branch","line":105,"loc":{"start":{"line":105,"column":4},"end":{"line":178,"column":3}},"locations":[{"start":{"line":105,"column":4},"end":{"line":178,"column":3}}]},"13":{"type":"branch","line":185,"loc":{"start":{"line":185,"column":35},"end":{"line":200,"column":3}},"locations":[{"start":{"line":185,"column":35},"end":{"line":200,"column":3}}]},"14":{"type":"branch","line":188,"loc":{"start":{"line":188,"column":52},"end":{"line":193,"column":11}},"locations":[{"start":{"line":188,"column":52},"end":{"line":193,"column":11}}]},"15":{"type":"branch","line":196,"loc":{"start":{"line":196,"column":4},"end":{"line":197,"column":53}},"locations":[{"start":{"line":196,"column":4},"end":{"line":197,"column":53}}]},"16":{"type":"branch","line":197,"loc":{"start":{"line":197,"column":43},"end":{"line":197,"column":69}},"locations":[{"start":{"line":197,"column":43},"end":{"line":197,"column":69}}]},"17":{"type":"branch","line":203,"loc":{"start":{"line":203,"column":0},"end":{"line":209,"column":1}},"locations":[{"start":{"line":203,"column":0},"end":{"line":209,"column":1}}]},"18":{"type":"branch","line":205,"loc":{"start":{"line":205,"column":118},"end":{"line":207,"column":3}},"locations":[{"start":{"line":205,"column":118},"end":{"line":207,"column":3}}]},"19":{"type":"branch","line":211,"loc":{"start":{"line":211,"column":0},"end":{"line":219,"column":1}},"locations":[{"start":{"line":211,"column":0},"end":{"line":219,"column":1}}]},"20":{"type":"branch","line":212,"loc":{"start":{"line":212,"column":40},"end":{"line":218,"column":3}},"locations":[{"start":{"line":212,"column":40},"end":{"line":218,"column":3}}]}},"b":{"0":[1],"1":[0],"2":[0],"3":[0],"4":[0],"5":[0],"6":[0],"7":[0],"8":[1],"9":[0],"10":[2],"11":[1],"12":[0],"13":[1],"14":[0],"15":[0],"16":[0],"17":[1],"18":[0],"19":[1],"20":[0]},"fnMap":{"0":{"name":"formatRepository","decl":{"start":{"line":19,"column":0},"end":{"line":35,"column":1}},"loc":{"start":{"line":19,"column":0},"end":{"line":35,"column":1}},"line":19},"1":{"name":"normalizeRepositoryUrl","decl":{"start":{"line":203,"column":0},"end":{"line":209,"column":1}},"loc":{"start":{"line":203,"column":0},"end":{"line":209,"column":1}},"line":203},"2":{"name":"isValidRepositoryUrl","decl":{"start":{"line":211,"column":0},"end":{"line":219,"column":1}},"loc":{"start":{"line":211,"column":0},"end":{"line":219,"column":1}},"line":211},"3":{"name":"getRepositoryName","decl":{"start":{"line":221,"column":0},"end":{"line":231,"column":1}},"loc":{"start":{"line":221,"column":0},"end":{"line":231,"column":1}},"line":221}},"f":{"0":1,"1":1,"2":1,"3":0}}
[...]
umn":3}},"locations":[{"start":{"line":62,"column":2},"end":{"line":65,"column":3}}]},"11":{"type":"branch","line":73,"loc":{"start":{"line":73,"column":0},"end":{"line":80,"column":1}},"locations":[{"start":{"line":73,"column":0},"end":{"line":80,"column":1}}]},"12":{"type":"branch","line":75,"loc":{"start":{"line":75,"column":41},"end":{"line":77,"column":10}},"locations":[{"start":{"line":75,"column":41},"end":{"line":77,"column":10}}]},"13":{"type":"branch","line":77,"loc":{"start":{"line":77,"column":2},"end":{"line":79,"column":3}},"locations":[{"start":{"line":77,"column":2},"end":{"line":79,"column":3}}]},"14":{"type":"branch","line":87,"loc":{"start":{"line":87,"column":0},"end":{"line":104,"column":1}},"locations":[{"start":{"line":87,"column":0},"end":{"line":104,"column":1}}]},"15":{"type":"branch","line":93,"loc":{"start":{"line":93,"column":58},"end":{"line":95,"column":3}},"locations":[{"start":{"line":93,"column":58},"end":{"line":95,"column":3}}]},"16":{"type":"branch","line":99,"loc":{"start":{"line":99,"column":57},"end":{"line":101,"column":3}},"locations":[{"start":{"line":99,"column":57},"end":{"line":101,"column":3}}]},"17":{"type":"branch","line":112,"loc":{"start":{"line":112,"column":0},"end":{"line":151,"column":1}},"locations":[{"start":{"line":112,"column":0},"end":{"line":151,"column":1}}]},"18":{"type":"branch","line":116,"loc":{"start":{"line":116,"column":71},"end":{"line":119,"column":31}},"locations":[{"start":{"line":116,"column":71},"end":{"line":119,"column":31}}]},"19":{"type":"branch","line":119,"loc":{"start":{"line":119,"column":31},"end":{"line":145,"column":5}},"locations":[{"start":{"line":119,"column":31},"end":{"line":145,"column":5}}]},"20":{"type":"branch","line":121,"loc":{"start":{"line":121,"column":28},"end":{"line":121,"column":54}},"locations":[{"start":{"line":121,"column":28},"end":{"line":121,"column":54}}]},"21":{"type":"branch","line":121,"loc":{"start":{"line":121,"column":54},"end":{"line":144,"column":7}},"locations":[{"start":{"line":121,"column":54},"end":{"line":144,"column":7}}]},"22":{"type":"branch","line":129,"loc":{"start":{"line":129,"column":38},"end":{"line":134,"column":9}},"locations":[{"start":{"line":129,"column":38},"end":{"line":134,"column":9}}]},"23":{"type":"branch","line":130,"loc":{"start":{"line":130,"column":50},"end":{"line":133,"column":11}},"locations":[{"start":{"line":130,"column":50},"end":{"line":133,"column":11}}]},"24":{"type":"branch","line":137,"loc":{"start":{"line":137,"column":55},"end":{"line":139,"column":9}},"locations":[{"start":{"line":137,"column":55},"end":{"line":139,"column":9}}]},"25":{"type":"branch","line":145,"loc":{"start":{"line":145,"column":4},"end":{"line":148,"column":3}},"locations":[{"start":{"line":145,"column":4},"end":{"line":148,"column":3}}]},"26":{"type":"branch","line":146,"loc":{"start":{"line":146,"column":2},"end":{"line":148,"column":3}},"locations":[{"start":{"line":146,"column":2},"end":{"line":148,"column":3}}]},"27":{"type":"branch","line":158,"loc":{"start":{"line":158,"column":0},"end":{"line":167,"column":1}},"locations":[{"start":{"line":158,"column":0},"end":{"line":167,"column":1}}]},"28":{"type":"branch","line":163,"loc":{"start":{"line":163,"column":18},"end":{"line":163,"column":29}},"locations":[{"start":{"line":163,"column":18},"end":{"line":163,"column":29}}]},"29":{"type":"branch","line":164,"loc":{"start":{"line":164,"column":2},"end":{"line":166,"column":3}},"locations":[{"start":{"line":164,"column":2},"end":{"line":166,"column":3}}]},"30":{"type":"branch","line":162,"loc":{"start":{"line":162,"column":33},"end":{"line":162,"column":85}},"locations":[{"start":{"line":162,"column":33},"end":{"line":162,"column":85}}]},"31":{"type":"branch","line":174,"loc":{"start":{"line":174,"column":7},"end":{"line":188,"column":1}},"locations":[{"start":{"line":174,"column":7},"end":{"line":188,"column":1}}]},"32":{"type":"branch","line":175,"loc":{"start":{"line":175,"column":44},"end":{"line":177,"column":3}},"locations":[{"start":{"line":175,"column":44},"end":{"line":177,"column":3}}]},"33":{"type":"branch","line":177,"loc":{"start":{"line":177,"column":2},"end":{"line":178,"column":78}},"locations":[{"start":{"line":177,"column":2},"end":{"line":178,"column":78}}]},"34":{"type":"branch","line":177,"loc":{"start":{"line":177,"column":2},"end":{"line":178,"column":36}},"locations":[{"start":{"line":177,"column":2},"end":{"line":178,"column":36}}]},"35":{"type":"branch","line":178,"loc":{"start":{"line":178,"column":31},"end":{"line":178,"column":78}},"locations":[{"start":{"line":178,"column":31},"end":{"line":178,"column":78}}]},"36":{"type":"branch","line":178,"loc":{"start":{"line":178,"column":78},"end":{"line":181,"column":60}},"locations":[{"start":{"line":178,"column":78},"end":{"line":181,"column":60}}]},"37":{"type":"branch","line":178,"loc":{"start":{"line":178,"column":78},"end":{"line":180,"column":3}},"locations":[{"start":{"line":178,"column":78},"end":{"line":180,"column":3}}]},"38":{"type":"branch","line":180,"loc":{"start":{"line":180,"column":2},"end":{"line":181,"column":34}},"locations":[{"start":{"line":180,"column":2},"end":{"line":181,"column":34}}]},"39":{"type":"branch","line":181,"loc":{"start":{"line":181,"column":29},"end":{"line":181,"column":60}},"locations":[{"start":{"line":181,"column":29},"end":{"line":181,"column":60}}]},"40":{"type":"branch","line":181,"loc":{"start":{"line":181,"column":60},"end":{"line":188,"column":1}},"locations":[{"start":{"line":181,"column":60},"end":{"line":188,"column":1}}]},"41":{"type":"branch","line":181,"loc":{"start":{"line":181,"column":60},"end":{"line":184,"column":32}},"locations":[{"start":{"line":181,"column":60},"end":{"line":184,"column":32}}]},"42":{"type":"branch","line":184,"loc":{"start":{"line":184,"column":32},"end":{"line":186,"column":3}},"locations":[{"start":{"line":184,"column":32},"end":{"line":186,"column":3}}]},"43":{"type":"branch","line":186,"loc":{"start":{"line":186,"column":2},"end":{"line":188,"column":1}},"locations":[{"start":{"line":186,"column":2},"end":{"line":188,"column":1}}]},"44":{"type":"branch","line":193,"loc":{"start":{"line":193,"column":0},"end":{"line":265,"column":1}},"locations":[{"start":{"line":193,"column":0},"end":{"line":265,"column":1}}]},"45":{"type":"branch","line":196,"loc":{"start":{"line":196,"column":31},"end":{"line":196,"column":66}},"locations":[{"start":{"line":196,"column":31},"end":{"line":196,"column":66}}]},"46":{"type":"branch","line":196,"loc":{"start":{"line":196,"column":66},"end":{"line":264,"column":3}},"locations":[{"start":{"line":196,"column":66},"end":{"line":264,"column":3}}]},"47":{"type":"branch","line":196,"loc":{"start":{"line":196,"column":66},"end":{"line":199,"column":3}},"locations":[{"start":{"line":196,"column":66},"end":{"line":199,"column":3}}]},"48":{"type":"branch","line":202,"loc":{"start":{"line":202,"column":89},"end":{"line":202,"column":97}},"locations":[{"start":{"line":202,"column":89},"end":{"line":202,"column":97}}]},"49":{"type":"branch","line":208,"loc":{"start":{"line":208,"column":39},"end":{"line":216,"column":5}},"locations":[{"start":{"line":208,"column":39},"end":{"line":216,"column":5}}]},"50":{"type":"branch","line":210,"loc":{"start":{"line":210,"column":34},"end":{"line":210,"column":48}},"locations":[{"start":{"line":210,"column":34},"end":{"line":210,"column":48}}]},"51":{"type":"branch","line":212,"loc":{"start":{"line":212,"column":35},"end":{"line":214,"column":7}},"locations":[{"start":{"line":212,"column":35},"end":{"line":214,"column":7}}]},"52":{"type":"branch","line":227,"loc":{"start":{"line":227,"column":38},"end":{"line":235,"column":7}},"locations":[{"start":{"line":227,"column":38},"end":{"line":235,"column":7}}]},"53":{"type":"branch","line":240,"loc":{"start":{"line":240,"column":34},"end":{"line":264,"column":3}},"locations":[{"start":{"line":240,"column":34},"end":{"line":264,"column":3}}]},"54":{"type":"branch","line":271,"loc":{"start":{"line":271,"column":0},"end":{"line":407,"column":1}},"locations":[{"start":{"line":271,"column":0},"end":{"line":407,"column":1}}]},"55":{"type":"branch","line":286,"loc":{"start":{"line":286,"column":25},"end":{"line":288,"column":11}},"locations":[{"start":{"line":286,"column":25},"end":{"line":288,"column":11}}]},"56":{"type":"branch","line":294,"loc":{"start":{"line":294,"column":9},"end":{"line":302,"column":9}},"locations":[{"start":{"line":294,"column":9},"end":{"line":302,"column":9}}]},"57":{"type":"branch","line":299,"loc":{"start":{"line":299,"column":27},"end":{"line":302,"column":9}},"locations":[{"start":{"line":299,"column":27},"end":{"line":302,"column":9}}]},"58":{"type":"branch","line":303,"loc":{"start":{"line":303,"column":6},"end":{"line":315,"column":7}},"locations":[{"start":{"line":303,"column":6},"end":{"line":315,"column":7}}]},"59":{"type":"branch","line":306,"loc":{"start":{"line":306,"column":93},"end":{"line":309,"column":15}},"locations":[{"start":{"line":306,"column":93},"end":{"line":309,"column":15}}]},"60":{"type":"branch","line":311,"loc":{"start":{"line":311,"column":36},"end":{"line":311,"column":53}},"locations":[{"start":{"line":311,"column":36},"end":{"line":311,"column":53}}]},"61":{"type":"branch","line":326,"loc":{"start":{"line":326,"column":9},"end":{"line":326,"column":48}},"locations":[{"start":{"line":326,"column":9},"end":{"line":326,"column":48}}]},"62":{"type":"branch","line":326,"loc":{"start":{"line":326,"column":48},"end":{"line":358,"column":5}},"locations":[{"start":{"line":326,"column":48},"end":{"line":358,"column":5}}]},"63":{"type":"branch","line":326,"loc":{"start":{"line":326,"column":48},"end":{"line":330,"column":11}},"locations":[{"start":{"line":326,"column":48},"end":{"line":330,"column":11}}]},"64":{"type":"branch","line":341,"loc":{"start":{"line":341,"column":6},"end":{"line":357,"column":7}},"locations":[{"start":{"line":341,"column":6},"end":{"line":357,"column":7}}]},"65":{"type":"branch","line":375,"loc":{"start":{"line":375,"column":37},"end":{"line":378,"column":7}},"locations":[{"start":{"line":375,"column":37},"end":{"line":378,"column":7}}]},"66":{"type":"branch","line":379,"loc":{"start":{"line":379,"column":4},"end":{"line":381,"column":5}},"locations":[{"start":{"line":379,"column":4},"end":{"line":381,"column":5}}]},"67":{"type":"branch","line":394,"loc":{"start":{"line":394,"column":2},"end":{"line":406,"column":3}},"locations":[{"start":{"line":394,"column":2},"end":{"line":406,"column":3}}]}},"b":{"0":[4],"1":[14],"2":[2],"3":[4],"4":[2],"5":[1],"6":[0],"7":[2],"8":[0],"9":[1],"10":[2],"11":[303],"12":[5],"13":[298],"14":[11],"15":[72],"16":[0],"17":[21],"18":[11],"19":[72],"20":[30],"21":[42],"22":[252],"23":[0],"24":[0],"25":[11],"26":[10],"27":[2],"28":[0],"29":[0],"30":[12],"31":[46],"32":[43],"33":[25],"34":[3],"35":[1],"36":[25],"37":[1],"38":[2],"39":[1],"40":[25],"41":[1],"42":[0],"43":[1],"44":[3],"45":[1],"46":[2],"47":[1],"48":[0],"49":[42],"50":[0],"51":[2],"52":[42],"53":[0],"54":[3],"55":[0],"56":[2],"57":[0],"58":[2],"59":[0],"60":[1],"61":[1],"62":[2],"63":[1],"64":[0],"65":[21],"66":[0],"67":[0]},"fnMap":{"0":{"name":"parseTypeScriptErrors","decl":{"start":{"line":20,"column":7},"end":{"line":32,"column":1}},"loc":{"start":{"line":20,"column":7},"end":{"line":32,"column":1}},"line":20},"1":{"name":"parseESLintOutput","decl":{"start":{"line":37,"column":7},"end":{"line":68,"column":1}},"loc":{"start":{"line":37,"column":7},"end":{"line":68,"column":1}},"line":37},"2":{"name":"fileExists","decl":{"start":{"line":73,"column":0},"end":{"line":80,"column":1}},"loc":{"start":{"line":73,"column":0},"end":{"line":80,"column":1}},"line":73},"3":{"name":"parseImports","decl":{"start":{"line":87,"column":0},"end":{"line":104,"column":1}},"loc":{"start":{"line":87,"column":0},"end":{"line":104,"column":1}},"line":87},"4":{"name":"checkImportResolution","decl":{"start":{"line":112,"column":0},"end":{"line":151,"column":1}},"loc":{"start":{"line":112,"column":0},"end":{"line":151,"column":1}},"line":112},"5":{"name":"getProposalForFile","decl":{"start":{"line":158,"column":0},"end":{"line":167,"column":1}},"loc":{"start":{"line":158,"column":0},"end":{"line":167,"column":1}},"line":158},"6":{"name":"getSuggestedFix","decl":{"start":{"line":174,"column":7},"end":{"line":188,"column":1}},"loc":{"start":{"line":174,"column":7},"end":{"line":188,"column":1}},"line":174},"7":{"name":"displayResults","decl":{"start":{"line":193,"column":0},"end":{"line":265,"column":1}},"loc":{"start":{"line":193,"column":0},"end":{"line":265,"column":1}},"line":193},"8":{"name":"verifyCode","decl":{"start":{"line":271,"column":0},"end":{"line":407,"column":1}},"loc":{"start":{"line":271,"column":0},"end":{"line":407,"column":1}},"line":271}},"f":{"0":4,"1":4,"2":303,"3":11,"4":21,"5":2,"6":46,"7":3,"8":3}}
,"C:\\Users\\HP\\Documents\\traycer_clone\\src\\utils\\jsonUtils.ts": {"path":"C:\\Users\\HP\\Documents\\traycer_clone\\src\\utils\\jsonUtils.ts","all":false,"statementMap":{"11":{"start":{"line":12,"column":0},"end":{"line":12,"column":51}},"12":{"start":{"line":13,"column":0},"end":{"line":13,"column":42}},"13":{"start":{"line":14,"column":0},"end":{"line":14,"column":16}},"14":{"start":{"line":15,"column":0},"end":{"line":15,"column":3}},"16":{"start":{"line":17,"column":0},"end":{"line":17,"column":30}},"19":{"start":{"line":20,"column":0},"end":{"line":20,"column":85}},"20":{"start":{"line":21,"column":0},"end":{"line":21,"column":48}},"22":{"start":{"line":23,"column":0},"end":{"line":23,"column":26}},"23":{"start":{"line":24,"column":0},"end":{"line":24,"column":32}},"24":{"start":{"line":25,"column":0},"end":{"line":25,"column":3}},"26":{"start":{"line":27,"column":0},"end":{"line":27,"column":19}},"27":{"start":{"line":28,"column":0},"end":{"line":28,"column":1}},"35":{"start":{"line":36,"column":0},"end":{"line":36,"column":51}},"36":{"start":{"line":37,"column":0},"end":{"line":37,"column":42}},"37":{"start":{"line":38,"column":0},"end":{"line":38,"column":16}},"38":{"start":{"line":39,"column":0},"end":{"line":39,"column":3}},"40":{"start":{"line":41,"column":0},"end":{"line":41,"column":30}},"43":{"start":{"line":44,"column":0},"end":{"line":44,"column":80}},"44":{"start":{"line":45,"column":0},"end":{"line":45,"column":48}},"46":{"start":{"line":47,"column":0},"end":{"line":47,"column":26}},"47":{"start":{"line":48,"column":0},"end":{"line":48,"column":32}},"48":{"start":{"line":49,"column":0},"end":{"line":49,"column":3}},"50":{"start":{"line":51,"column":0},"end":{"line":51,"column":19}},"51":{"start":{"line":52,"column":0},"end":{"line":52,"column":1}},"58":{"start":{"line":59,"column":0},"end":{"line":59,"column":64}},"59":{"start":{"line":60,"column":0},"end":{"line":60,"column":7}},"60":{"start":{"line":61,"column":0},"end":{"line":61,"column":40}},"61":{"start":{"line":62,"column":0},"end":{"line":62,"column":38}},"62":{"start":{"line":63,"column":0},"end":{"line":63,"column":19}},"63":{"start":{"line":64,"column":0},"end":{"line":64,"column":16}},"64":{"start":{"line":65,"column":0},"end":{"line":65,"column":3}},"65":{"start":{"line":66,"column":0},"end":{"line":66,"column":1}}},"s":{"11":1,"12":17,"13":5,"14":5,"16":12,"19":12,"20":12,"22":17,"23":3,"24":3,"26":12,"27":12,"35":1,"36":10,"37":2,"38":2,"40":8,"43":8,"44":8,"46":10,"47":5,"48":5,"50":8,"51":8,"58":1,"59":5,"60":5,"61":5,"62":5,"63":2,"64":2,"65":5},"branchMap":{"0":{"type":"branch","line":12,"loc":{"start":{"line":12,"column":7},"end":{"line":28,"column":1}},"locations":[{"start":{"line":12,"column":7},"end":{"line":28,"column":1}}]},"1":{"type":"branch","line":13,"loc":{"start":{"line":13,"column":7},"end":{"line":13,"column":41}},"locations":[{"start":{"line":13,"column":7},"end":{"line":13,"column":41}}]},"2":{"type":"branch","line":13,"loc":{"start":{"line":13,"column":41},"end":{"line":15,"column":3}},"locations":[{"start":{"line":13,"column":41},"end":{"line":15,"column":3}}]},"3":{"type":"branch","line":15,"loc":{"start":{"line":15,"column":2},"end":{"line":23,"column":15}},"locations":[{"start":{"line":15,"column":2},"end":{"line":23,"column":15}}]},"4":{"type":"branch","line":23,"loc":{"start":{"line":23,"column":6},"end":{"line":23,"column":25}},"locations":[{"start":{"line":23,"column":6},"end":{"line":23,"column":25}}]},"5":{"type":"branch","line":23,"loc":{"start":{"line":23,"column":25},"end":{"line":25,"column":3}},"locations":[{"start":{"line":23,"column":25},"end":{"line":25,"column":3}}]},"6":{"type":"branch","line":25,"loc":{"start":{"line":25,"column":2},"end":{"line":28,"column":1}},"locations":[{"start":{"line":25,"column":2},"end":{"line":28,"column":1}}]},"7":{"type":"branch","line":36,"loc":{"start":{"line":36,"column":7},"end":{"line":52,"column":1}},"locations":[{"start":{"line":36,"column":7},"end":{"line":52,"column":1}}]},"8":{"type":"branch","line":37,"loc":{"start":{"line":37,"column":7},"end":{"line":37,"column":41}},"locations":[{"start":{"line":37,"column":7},"end":{"line":37,"column":41}}]},"9":{"type":"branch","line":37,"loc":{"start":{"line":37,"column":41},"end":{"line":39,"column":3}},"locations":[{"start":{"line":37,"column":41},"end":{"line":39,"column":3}}]},"10":{"type":"branch","line":39,"loc":{"start":{"line":39,"column":2},"end":{"line":47,"column":15}},"locations":[{"start":{"line":39,"column":2},"end":{"line":47,"column":15}}]},"11":{"type":"branch","line":47,"loc":{"start":{"line":47,"column":6},"end":{"line":47,"column":25}},"locations":[{"start":{"line":47,"column":6},"end":{"line":47,"column":25}}]},"12":{"type":"branch","line":47,"loc":{"start":{"line":47,"column":25},"end":{"line":49,"column":3}},"locations":[{"start":{"line":47,"column":25},"end":{"line":49,"column":3}}]},"13":{"type":"branch","line":49,"loc":{"start":{"line":49,"column":2},"end":{"line":52,"column":1}},"locations":[{"start":{"line":49,"column":2},"end":{"line":52,"column":1}}]},"14":{"type":"branch","line":59,"loc":{"start":{"line":59,"column":7},"end":{"line":66,"column":1}},"locations":[{"start":{"line":59,"column":7},"end":{"line":66,"column":1}}]},"15":{"type":"branch","line":63,"loc":{"start":{"line":63,"column":2},"end":{"line":65,"column":3}},"locations":[{"start":{"line":63,"column":2},"end":{"line":65,"column":3}}]}},"b":{"0":[17],"1":[12],"2":[5],"3":[12],"4":[3],"5":[3],"6":[12],"7":[10],"8":[9],"9":[2],"10":[8],"11":[5],"12":[5],"13":[8],"14":[5],"15":[2]},"fnMap":{"0":{"name":"extractJSON","decl":{"start":{"line":12,"column":7},"end":{"line":28,"column":1}},"loc":{"start":{"line":12,"column":7},"end":{"line":28,"column":1}},"line":12},"1":{"name":"extractCode","decl":{"start":{"line":36,"column":7},"end":{"line":52,"column":1}},"loc":{"start":{"line":36,"column":7},"end":{"line":52,"column":1}},"line":36},"2":{"name":"safeParseJSON","decl":{"start":{"line":59,"column":7},"end":{"line":66,"column":1}},"loc":{"start":{"line":59,"column":7},"end":{"line":66,"column":1}},"line":59}},"f":{"0":17,"1":10,"2":5}}
,"C:\\Users\\HP\\Documents\\traycer_clone\\src\\utils\\mathUtils.ts": {"path":"C:\\Users\\HP\\Documents\\traycer_clone\\src\\utils\\mathUtils.ts","all":false,"statementMap":{"1":{"start":{"line":2,"column":0},"end":{"line":2,"column":53}},"2":{"start":{"line":3,"column":0},"end":{"line":3,"column":56}},"3":{"start":{"line":4,"column":0},"end":{"line":4,"column":1}}},"s":{"1":1,"2":7,"3":7},"branchMap":{"0":{"type":"branch","line":2,"loc":{"start":{"line":2,"column":7},"end":{"line":4,"column":1}},"locations":[{"start":{"line":2,"column":7},"end":{"line":4,"column":1}}]},"1":{"type":"branch","line":3,"loc":{"start":{"line":3,"column":26},"end":{"line":3,"column":53}},"locations":[{"start":{"line":3,"column":26},"end":{"line":3,"column":53}}]}},"b":{"0":[7],"1":[18]},"fnMap":{"0":{"name":"sumArray","decl":{"start":{"line":2,"column":7},"end":{"line":4,"column":1}},"loc":{"start":{"line":2,"column":7},"end":{"line":4,"column":1}},"line":2}},"f":{"0":7}}
}
